<?xml version="1.0" encoding="UTF-8"?>
<testsuite xmlns:xsi="http://www.w3.org/2001/XMLSchema-instance" xsi:noNamespaceSchemaLocation="https://maven.apache.org/surefire/maven-surefire-plugin/xsd/surefire-test-report.xsd" version="3.0.2" name="_game.try1.GameIntegrationTest" time="25.722" tests="2" errors="0" skipped="0" failures="0">
  <properties>
[...]
</properties>
  <testcase name="testCompleteBiddingAndTrickPlay" classname="_game.try1.GameIntegrationTest" time="20.688">
    <system-out><![CDATA[2025-06-21T00:10:59.633+05:30  INFO 33377 --- [try1] [           main] t.c.s.AnnotationConfigContextLoaderUtils : Could not detect default configuration classes for test class [_game.try1.GameIntegrationTest]: GameIntegrationTest does not declare any static, non-private, non-final, nested classes annotated with @Configuration.
2025-06-21T00:10:59.635+05:30  INFO 33377 --- [try1] [           main] .b.t.c.SpringBootTestContextBootstrapper : Found @SpringBootConfiguration _game.try1.Try1Application for test class _game.try1.GameIntegrationTest
2025-06-21T00:10:59.640+05:30  INFO 33377 --- [try1] [           main] o.s.b.d.r.RestartApplicationListener     : Restart disabled due to context in which it is running

  .   ____          _            __ _ _
 /\\ / ___'_ __ _ _(_)_ __  __ _ \ \ \ \
( ( )\___ | '_ | '_| | '_ \/ _` | \ \ \ \
 \\/  ___)| |_)| | | | | || (_| |  ) ) ) )
  '  |____| .__|_| |_|_| |_\__, | / / / /
 =========|_|==============|___/=/_/_/_/

 :: Spring Boot ::                (v3.5.0)

2025-06-21T00:10:59.658+05:30  INFO 33377 --- [try1] [           main] _game.try1.GameIntegrationTest           : Starting GameIntegrationTest using Java 21.0.7 with PID 33377 (started by amishkakru in /Users/amishkakru/Downloads/try1)
2025-06-21T00:10:59.659+05:30  INFO 33377 --- [try1] [           main] _game.try1.GameIntegrationTest           : No active profile set, falling back to 1 default profile: "default"
2025-06-21T00:10:59.740+05:30  INFO 33377 --- [try1] [           main] .s.d.r.c.RepositoryConfigurationDelegate : Bootstrapping Spring Data JPA repositories in DEFAULT mode.
2025-06-21T00:10:59.742+05:30  INFO 33377 --- [try1] [           main] .s.d.r.c.RepositoryConfigurationDelegate : Finished Spring Data repository scanning in 1 ms. Found 0 JPA repository interfaces.
2025-06-21T00:10:59.844+05:30  INFO 33377 --- [try1] [           main] o.s.b.w.embedded.tomcat.TomcatWebServer  : Tomcat initialized with port 0 (http)
2025-06-21T00:10:59.852+05:30  INFO 33377 --- [try1] [           main] o.apache.catalina.core.StandardService   : Starting service [Tomcat]
2025-06-21T00:10:59.852+05:30  INFO 33377 --- [try1] [           main] o.apache.catalina.core.StandardEngine    : Starting Servlet engine: [Apache Tomcat/10.1.41]
2025-06-21T00:10:59.872+05:30  INFO 33377 --- [try1] [           main] o.a.c.c.C.[Tomcat].[localhost].[/]       : Initializing Spring embedded WebApplicationContext
2025-06-21T00:10:59.872+05:30  INFO 33377 --- [try1] [           main] w.s.c.ServletWebServerApplicationContext : Root WebApplicationContext: initialization completed in 212 ms
2025-06-21T00:10:59.899+05:30  INFO 33377 --- [try1] [           main] com.zaxxer.hikari.HikariDataSource       : HikariPool-2 - Starting...
2025-06-21T00:10:59.906+05:30  INFO 33377 --- [try1] [           main] com.zaxxer.hikari.pool.HikariPool        : HikariPool-2 - Added connection conn10: url=jdbc:h2:mem:18c5f8ab-702d-42d7-837b-48c46b6916c1 user=SA
2025-06-21T00:10:59.907+05:30  INFO 33377 --- [try1] [           main] com.zaxxer.hikari.HikariDataSource       : HikariPool-2 - Start completed.
2025-06-21T00:10:59.907+05:30  INFO 33377 --- [try1] [           main] o.hibernate.jpa.internal.util.LogHelper  : HHH000204: Processing PersistenceUnitInfo [name: default]
2025-06-21T00:10:59.908+05:30  INFO 33377 --- [try1] [           main] o.h.c.internal.RegionFactoryInitiator    : HHH000026: Second-level cache disabled
2025-06-21T00:10:59.912+05:30  INFO 33377 --- [try1] [           main] o.s.o.j.p.SpringPersistenceUnitInfo      : No LoadTimeWeaver setup: ignoring JPA class transformer
2025-06-21T00:10:59.913+05:30  INFO 33377 --- [try1] [           main] org.hibernate.orm.connections.pooling    : HHH10001005: Database info:
	Database JDBC URL [Connecting through datasource 'HikariDataSource (HikariPool-2)']
	Database driver: undefined/unknown
	Database version: 2.3.232
	Autocommit mode: undefined/unknown
	Isolation level: undefined/unknown
	Minimum pool size: undefined/unknown
	Maximum pool size: undefined/unknown
2025-06-21T00:10:59.920+05:30  INFO 33377 --- [try1] [           main] o.h.e.t.j.p.i.JtaPlatformInitiator       : HHH000489: No JTA platform available (set 'hibernate.transaction.jta.platform' to enable JTA platform integration)
2025-06-21T00:10:59.920+05:30  INFO 33377 --- [try1] [           main] j.LocalContainerEntityManagerFactoryBean : Initialized JPA EntityManagerFactory for persistence unit 'default'
2025-06-21T00:10:59.942+05:30  WARN 33377 --- [try1] [           main] JpaBaseConfiguration$JpaWebConfiguration : spring.jpa.open-in-view is enabled by default. Therefore, database queries may be performed during view rendering. Explicitly configure spring.jpa.open-in-view to disable this warning
2025-06-21T00:11:00.050+05:30  INFO 33377 --- [try1] [           main] o.s.m.s.b.SimpleBrokerMessageHandler     : Starting...
2025-06-21T00:11:00.050+05:30  INFO 33377 --- [try1] [           main] o.s.m.s.b.SimpleBrokerMessageHandler     : BrokerAvailabilityEvent[available=true, SimpleBrokerMessageHandler [org.springframework.messaging.simp.broker.DefaultSubscriptionRegistry@4f66f2dd]]
2025-06-21T00:11:00.050+05:30  INFO 33377 --- [try1] [           main] o.s.m.s.b.SimpleBrokerMessageHandler     : Started.
2025-06-21T00:11:00.060+05:30  INFO 33377 --- [try1] [           main] o.s.b.w.embedded.tomcat.TomcatWebServer  : Tomcat started on port 57222 (http) with context path '/'
2025-06-21T00:11:00.062+05:30  INFO 33377 --- [try1] [           main] _game.try1.GameIntegrationTest           : Started GameIntegrationTest in 0.422 seconds (process running for 4.574)
2025-06-21T00:11:00.167+05:30 ERROR 33377 --- [try1] [           main] i.n.r.d.DnsServerAddressStreamProviders  : Unable to load io.netty.resolver.dns.macos.MacOSDnsServerAddressStreamProvider, fallback to system defaults. This may result in incorrect DNS resolutions on MacOS. Check whether you have a dependency on 'io.netty:netty-resolver-dns-native-macos'. Use DEBUG level to see the full stack: java.lang.UnsatisfiedLinkError: failed to load the required native library
2025-06-21T00:11:00.251+05:30  INFO 33377 --- [try1] [o-auto-1-exec-1] o.a.c.c.C.[Tomcat].[localhost].[/]       : Initializing Spring DispatcherServlet 'dispatcherServlet'
2025-06-21T00:11:00.251+05:30  INFO 33377 --- [try1] [o-auto-1-exec-1] o.s.web.servlet.DispatcherServlet        : Initializing Servlet 'dispatcherServlet'
2025-06-21T00:11:00.252+05:30  INFO 33377 --- [try1] [o-auto-1-exec-1] o.s.web.servlet.DispatcherServlet        : Completed initialization in 1 ms
2025-06-21T00:11:00.355+05:30  INFO 33377 --- [try1] [           main] _game.try1.GameIntegrationTest           : Created game with ID: DHABYC
2025-06-21T00:11:00.434+05:30  INFO 33377 --- [try1] [           main] _game.try1.GameIntegrationTest           : Player 1 joining game
2025-06-21T00:11:00.493+05:30  INFO 33377 --- [try1] [lient-AsyncIO-8] _game.try1.GameIntegrationTest           : Received raw message: {"type":"PlayerJoined","playerId":"ac23cc78-4b55-4b99-8310-d07f3312f3e3","playerName":"Player1","playerCount":1}
2025-06-21T00:11:00.493+05:30  INFO 33377 --- [try1] [lient-AsyncIO-7] _game.try1.GameIntegrationTest           : Received raw message: {"type":"PlayerJoined","playerId":"ac23cc78-4b55-4b99-8310-d07f3312f3e3","playerName":"Player1","playerCount":1}
2025-06-21T00:11:00.495+05:30  INFO 33377 --- [try1] [lient-AsyncIO-1] _game.try1.GameIntegrationTest           : Received raw message: {"type":"PlayerJoined","playerId":"ac23cc78-4b55-4b99-8310-d07f3312f3e3","playerName":"Player1","playerCount":1}
2025-06-21T00:11:00.496+05:30  INFO 33377 --- [try1] [ient-AsyncIO-10] _game.try1.GameIntegrationTest           : Received raw message: {"type":"PlayerJoined","playerId":"ac23cc78-4b55-4b99-8310-d07f3312f3e3","playerName":"Player1","playerCount":1}
2025-06-21T00:11:00.496+05:30  INFO 33377 --- [try1] [lient-AsyncIO-9] _game.try1.GameIntegrationTest           : Received raw message: {"type":"PlayerJoined","playerId":"ac23cc78-4b55-4b99-8310-d07f3312f3e3","playerName":"Player1","playerCount":1}
2025-06-21T00:11:00.763+05:30  INFO 33377 --- [try1] [           main] _game.try1.GameIntegrationTest           : Player 2 joining game
2025-06-21T00:11:00.769+05:30  INFO 33377 --- [try1] [lient-AsyncIO-2] _game.try1.GameIntegrationTest           : Received raw message: {"type":"PlayerJoined","playerId":"214af993-5a77-4010-8fb2-7f1eb09b95fd","playerName":"Player2","playerCount":2}
2025-06-21T00:11:00.769+05:30  INFO 33377 --- [try1] [lient-AsyncIO-4] _game.try1.GameIntegrationTest           : Received raw message: {"type":"PlayerJoined","playerId":"214af993-5a77-4010-8fb2-7f1eb09b95fd","playerName":"Player2","playerCount":2}
2025-06-21T00:11:00.769+05:30  INFO 33377 --- [try1] [lient-AsyncIO-5] _game.try1.GameIntegrationTest           : Received raw message: {"type":"PlayerJoined","playerId":"214af993-5a77-4010-8fb2-7f1eb09b95fd","playerName":"Player2","playerCount":2}
2025-06-21T00:11:00.769+05:30  INFO 33377 --- [try1] [lient-AsyncIO-6] _game.try1.GameIntegrationTest           : Received raw message: {"type":"PlayerJoined","playerId":"214af993-5a77-4010-8fb2-7f1eb09b95fd","playerName":"Player2","playerCount":2}
2025-06-21T00:11:00.769+05:30  INFO 33377 --- [try1] [lient-AsyncIO-3] _game.try1.GameIntegrationTest           : Received raw message: {"type":"PlayerJoined","playerId":"214af993-5a77-4010-8fb2-7f1eb09b95fd","playerName":"Player2","playerCount":2}
2025-06-21T00:11:01.068+05:30  INFO 33377 --- [try1] [           main] _game.try1.GameIntegrationTest           : Player 3 joining game
2025-06-21T00:11:01.071+05:30  INFO 33377 --- [try1] [lient-AsyncIO-9] _game.try1.GameIntegrationTest           : Received raw message: {"type":"PlayerJoined","playerId":"9209a7f7-e217-4c5f-9569-9c04536e42e5","playerName":"Player3","playerCount":3}
2025-06-21T00:11:01.071+05:30  INFO 33377 --- [try1] [ient-AsyncIO-10] _game.try1.GameIntegrationTest           : Received raw message: {"type":"PlayerJoined","playerId":"9209a7f7-e217-4c5f-9569-9c04536e42e5","playerName":"Player3","playerCount":3}
2025-06-21T00:11:01.072+05:30  INFO 33377 --- [try1] [lient-AsyncIO-7] _game.try1.GameIntegrationTest           : Received raw message: {"type":"PlayerJoined","playerId":"9209a7f7-e217-4c5f-9569-9c04536e42e5","playerName":"Player3","playerCount":3}
2025-06-21T00:11:01.072+05:30  INFO 33377 --- [try1] [ient-AsyncIO-11] _game.try1.GameIntegrationTest           : Received raw message: {"type":"PlayerJoined","playerId":"9209a7f7-e217-4c5f-9569-9c04536e42e5","playerName":"Player3","playerCount":3}
2025-06-21T00:11:01.072+05:30  INFO 33377 --- [try1] [ient-AsyncIO-12] _game.try1.GameIntegrationTest           : Received raw message: {"type":"PlayerJoined","playerId":"9209a7f7-e217-4c5f-9569-9c04536e42e5","playerName":"Player3","playerCount":3}
2025-06-21T00:11:01.374+05:30  INFO 33377 --- [try1] [           main] _game.try1.GameIntegrationTest           : Player 4 joining game
2025-06-21T00:11:01.381+05:30  INFO 33377 --- [try1] [lient-AsyncIO-5] _game.try1.GameIntegrationTest           : Received raw message: {"type":"PlayerJoined","playerId":"3cc89f1d-94b7-4b6a-9c19-74104d1007ae","playerName":"Player4","playerCount":4}
2025-06-21T00:11:01.381+05:30  INFO 33377 --- [try1] [lient-AsyncIO-3] _game.try1.GameIntegrationTest           : Received raw message: {"type":"PlayerJoined","playerId":"3cc89f1d-94b7-4b6a-9c19-74104d1007ae","playerName":"Player4","playerCount":4}
2025-06-21T00:11:01.381+05:30  INFO 33377 --- [try1] [lient-AsyncIO-6] _game.try1.GameIntegrationTest           : Received raw message: {"type":"PlayerJoined","playerId":"3cc89f1d-94b7-4b6a-9c19-74104d1007ae","playerName":"Player4","playerCount":4}
2025-06-21T00:11:01.381+05:30  INFO 33377 --- [try1] [lient-AsyncIO-8] _game.try1.GameIntegrationTest           : Received raw message: {"type":"PlayerJoined","playerId":"3cc89f1d-94b7-4b6a-9c19-74104d1007ae","playerName":"Player4","playerCount":4}
2025-06-21T00:11:01.381+05:30  INFO 33377 --- [try1] [lient-AsyncIO-1] _game.try1.GameIntegrationTest           : Received raw message: {"type":"PlayerJoined","playerId":"3cc89f1d-94b7-4b6a-9c19-74104d1007ae","playerName":"Player4","playerCount":4}
2025-06-21T00:11:01.680+05:30  INFO 33377 --- [try1] [           main] _game.try1.GameIntegrationTest           : Player 5 joining game
2025-06-21T00:11:01.692+05:30  INFO 33377 --- [try1] [lient-AsyncIO-2] _game.try1.GameIntegrationTest           : Received raw message: {"type":"PlayerJoined","playerId":"d6dfcd8e-4569-4a1b-8ac0-9b4becac8310","playerName":"Player5","playerCount":5}
2025-06-21T00:11:01.692+05:30  INFO 33377 --- [try1] [ient-AsyncIO-12] _game.try1.GameIntegrationTest           : Received raw message: {"type":"PlayerJoined","playerId":"d6dfcd8e-4569-4a1b-8ac0-9b4becac8310","playerName":"Player5","playerCount":5}
2025-06-21T00:11:01.693+05:30  INFO 33377 --- [try1] [ient-AsyncIO-11] _game.try1.GameIntegrationTest           : Received raw message: {"type":"PlayerJoined","playerId":"d6dfcd8e-4569-4a1b-8ac0-9b4becac8310","playerName":"Player5","playerCount":5}
2025-06-21T00:11:01.693+05:30  INFO 33377 --- [try1] [ient-AsyncIO-10] _game.try1.GameIntegrationTest           : Received raw message: {"type":"PlayerJoined","playerId":"d6dfcd8e-4569-4a1b-8ac0-9b4becac8310","playerName":"Player5","playerCount":5}
2025-06-21T00:11:01.693+05:30  INFO 33377 --- [try1] [lient-AsyncIO-9] _game.try1.GameIntegrationTest           : Received raw message: {"type":"PlayerJoined","playerId":"d6dfcd8e-4569-4a1b-8ac0-9b4becac8310","playerName":"Player5","playerCount":5}
2025-06-21T00:11:01.872+05:30  INFO 33377 --- [try1] [lient-AsyncIO-6] _game.try1.GameIntegrationTest           : Received raw message: {"type":"GameStateUpdate","gameState":{"gameId":"DHABYC","phase":"BIDDING","players":[{"id":"ac23cc78-4b55-4b99-8310-d07f3312f3e3","name":"Player1","team":"UNASSIGNED","isCaller":false,"handCount":4,"hasPassed":false,"isConnected":true},{"id":"214af993-5a77-4010-8fb2-7f1eb09b95fd","name":"Player2","team":"UNASSIGNED","isCaller":false,"handCount":4,"hasPassed":false,"isConnected":true},{"id":"9209a7f7-e217-4c5f-9569-9c04536e42e5","name":"Player3","team":"UNASSIGNED","isCaller":false,"handCount":4,"hasPassed":false,"isConnected":true},{"id":"3cc89f1d-94b7-4b6a-9c19-74104d1007ae","name":"Player4","team":"UNASSIGNED","isCaller":false,"handCount":4,"hasPassed":false,"isConnected":true},{"id":"d6dfcd8e-4569-4a1b-8ac0-9b4becac8310","name":"Player5","team":"UNASSIGNED","isCaller":false,"handCount":4,"hasPassed":false,"isConnected":true}],"currentPlayerIndex":0,"bidHistory":[],"winningBid":0,"callerId":null,"trumpSuit":null,"friendCards":[],"currentTrick":{"plays":[],"leadPlayerId":null,"winnerId":null,"isComplete":false,"totalPoints":0},"completedTricks":0,"callerTeamPoints":0,"opponentTeamPoints":0,"gameWinner":null}}
2025-06-21T00:11:01.872+05:30  INFO 33377 --- [try1] [lient-AsyncIO-9] _game.try1.GameIntegrationTest           : Received raw message: {"type":"GameStateUpdate","gameState":{"gameId":"DHABYC","phase":"BIDDING","players":[{"id":"ac23cc78-4b55-4b99-8310-d07f3312f3e3","name":"Player1","team":"UNASSIGNED","isCaller":false,"handCount":4,"hasPassed":false,"isConnected":true},{"id":"214af993-5a77-4010-8fb2-7f1eb09b95fd","name":"Player2","team":"UNASSIGNED","isCaller":false,"handCount":4,"hasPassed":false,"isConnected":true},{"id":"9209a7f7-e217-4c5f-9569-9c04536e42e5","name":"Player3","team":"UNASSIGNED","isCaller":false,"handCount":4,"hasPassed":false,"isConnected":true},{"id":"3cc89f1d-94b7-4b6a-9c19-74104d1007ae","name":"Player4","team":"UNASSIGNED","isCaller":false,"handCount":4,"hasPassed":false,"isConnected":true},{"id":"d6dfcd8e-4569-4a1b-8ac0-9b4becac8310","name":"Player5","team":"UNASSIGNED","isCaller":false,"handCount":4,"hasPassed":false,"isConnected":true}],"currentPlayerIndex":0,"bidHistory":[],"winningBid":0,"callerId":null,"trumpSuit":null,"friendCards":[],"currentTrick":{"plays":[],"leadPlayerId":null,"winnerId":null,"isComplete":false,"totalPoints":0},"completedTricks":0,"callerTeamPoints":0,"opponentTeamPoints":0,"gameWinner":null}}
2025-06-21T00:11:01.872+05:30  INFO 33377 --- [try1] [ient-AsyncIO-11] _game.try1.GameIntegrationTest           : Received raw message: {"type":"GameStateUpdate","gameState":{"gameId":"DHABYC","phase":"BIDDING","players":[{"id":"ac23cc78-4b55-4b99-8310-d07f3312f3e3","name":"Player1","team":"UNASSIGNED","isCaller":false,"handCount":4,"hasPassed":false,"isConnected":true},{"id":"214af993-5a77-4010-8fb2-7f1eb09b95fd","name":"Player2","team":"UNASSIGNED","isCaller":false,"handCount":4,"hasPassed":false,"isConnected":true},{"id":"9209a7f7-e217-4c5f-9569-9c04536e42e5","name":"Player3","team":"UNASSIGNED","isCaller":false,"handCount":4,"hasPassed":false,"isConnected":true},{"id":"3cc89f1d-94b7-4b6a-9c19-74104d1007ae","name":"Player4","team":"UNASSIGNED","isCaller":false,"handCount":4,"hasPassed":false,"isConnected":true},{"id":"d6dfcd8e-4569-4a1b-8ac0-9b4becac8310","name":"Player5","team":"UNASSIGNED","isCaller":false,"handCount":4,"hasPassed":false,"isConnected":true}],"currentPlayerIndex":0,"bidHistory":[],"winningBid":0,"callerId":null,"trumpSuit":null,"friendCards":[],"currentTrick":{"plays":[],"leadPlayerId":null,"winnerId":null,"isComplete":false,"totalPoints":0},"completedTricks":0,"callerTeamPoints":0,"opponentTeamPoints":0,"gameWinner":null}}
2025-06-21T00:11:01.872+05:30  INFO 33377 --- [try1] [ient-AsyncIO-12] _game.try1.GameIntegrationTest           : Received raw message: {"type":"GameStateUpdate","gameState":{"gameId":"DHABYC","phase":"BIDDING","players":[{"id":"ac23cc78-4b55-4b99-8310-d07f3312f3e3","name":"Player1","team":"UNASSIGNED","isCaller":false,"handCount":4,"hasPassed":false,"isConnected":true},{"id":"214af993-5a77-4010-8fb2-7f1eb09b95fd","name":"Player2","team":"UNASSIGNED","isCaller":false,"handCount":4,"hasPassed":false,"isConnected":true},{"id":"9209a7f7-e217-4c5f-9569-9c04536e42e5","name":"Player3","team":"UNASSIGNED","isCaller":false,"handCount":4,"hasPassed":false,"isConnected":true},{"id":"3cc89f1d-94b7-4b6a-9c19-74104d1007ae","name":"Player4","team":"UNASSIGNED","isCaller":false,"handCount":4,"hasPassed":false,"isConnected":true},{"id":"d6dfcd8e-4569-4a1b-8ac0-9b4becac8310","name":"Player5","team":"UNASSIGNED","isCaller":false,"handCount":4,"hasPassed":false,"isConnected":true}],"currentPlayerIndex":0,"bidHistory":[],"winningBid":0,"callerId":null,"trumpSuit":null,"friendCards":[],"currentTrick":{"plays":[],"leadPlayerId":null,"winnerId":null,"isComplete":false,"totalPoints":0},"completedTricks":0,"callerTeamPoints":0,"opponentTeamPoints":0,"gameWinner":null}}
2025-06-21T00:11:01.872+05:30  INFO 33377 --- [try1] [ient-AsyncIO-10] _game.try1.GameIntegrationTest           : Received raw message: {"type":"GameStateUpdate","gameState":{"gameId":"DHABYC","phase":"BIDDING","players":[{"id":"ac23cc78-4b55-4b99-8310-d07f3312f3e3","name":"Player1","team":"UNASSIGNED","isCaller":false,"handCount":4,"hasPassed":false,"isConnected":true},{"id":"214af993-5a77-4010-8fb2-7f1eb09b95fd","name":"Player2","team":"UNASSIGNED","isCaller":false,"handCount":4,"hasPassed":false,"isConnected":true},{"id":"9209a7f7-e217-4c5f-9569-9c04536e42e5","name":"Player3","team":"UNASSIGNED","isCaller":false,"handCount":4,"hasPassed":false,"isConnected":true},{"id":"3cc89f1d-94b7-4b6a-9c19-74104d1007ae","name":"Player4","team":"UNASSIGNED","isCaller":false,"handCount":4,"hasPassed":false,"isConnected":true},{"id":"d6dfcd8e-4569-4a1b-8ac0-9b4becac8310","name":"Player5","team":"UNASSIGNED","isCaller":false,"handCount":4,"hasPassed":false,"isConnected":true}],"currentPlayerIndex":0,"bidHistory":[],"winningBid":0,"callerId":null,"trumpSuit":null,"friendCards":[],"currentTrick":{"plays":[],"leadPlayerId":null,"winnerId":null,"isComplete":false,"totalPoints":0},"completedTricks":0,"callerTeamPoints":0,"opponentTeamPoints":0,"gameWinner":null}}
2025-06-21T00:11:02.993+05:30  INFO 33377 --- [try1] [           main] _game.try1.GameIntegrationTest           : Player 1 bidding: 160
2025-06-21T00:11:03.014+05:30  INFO 33377 --- [try1] [lient-AsyncIO-4] _game.try1.GameIntegrationTest           : Received raw message: {"type":"BidPlaced","playerId":"ac23cc78-4b55-4b99-8310-d07f3312f3e3","bid":160,"nextPlayerId":"214af993-5a77-4010-8fb2-7f1eb09b95fd"}
2025-06-21T00:11:03.014+05:30  INFO 33377 --- [try1] [lient-AsyncIO-7] _game.try1.GameIntegrationTest           : Received raw message: {"type":"BidPlaced","playerId":"ac23cc78-4b55-4b99-8310-d07f3312f3e3","bid":160,"nextPlayerId":"214af993-5a77-4010-8fb2-7f1eb09b95fd"}
2025-06-21T00:11:03.014+05:30  INFO 33377 --- [try1] [lient-AsyncIO-3] _game.try1.GameIntegrationTest           : Received raw message: {"type":"BidPlaced","playerId":"ac23cc78-4b55-4b99-8310-d07f3312f3e3","bid":160,"nextPlayerId":"214af993-5a77-4010-8fb2-7f1eb09b95fd"}
2025-06-21T00:11:03.014+05:30  INFO 33377 --- [try1] [lient-AsyncIO-5] _game.try1.GameIntegrationTest           : Received raw message: {"type":"BidPlaced","playerId":"ac23cc78-4b55-4b99-8310-d07f3312f3e3","bid":160,"nextPlayerId":"214af993-5a77-4010-8fb2-7f1eb09b95fd"}
2025-06-21T00:11:03.014+05:30  INFO 33377 --- [try1] [lient-AsyncIO-8] _game.try1.GameIntegrationTest           : Received raw message: {"type":"BidPlaced","playerId":"ac23cc78-4b55-4b99-8310-d07f3312f3e3","bid":160,"nextPlayerId":"214af993-5a77-4010-8fb2-7f1eb09b95fd"}
2025-06-21T00:11:03.014+05:30  INFO 33377 --- [try1] [lient-AsyncIO-4] _game.try1.GameIntegrationTest           : Received raw message: {"type":"GameStateUpdate","gameState":{"gameId":"DHABYC","phase":"BIDDING","players":[{"id":"ac23cc78-4b55-4b99-8310-d07f3312f3e3","name":"Player1","team":"UNASSIGNED","isCaller":false,"handCount":4,"hasPassed":false,"isConnected":true},{"id":"214af993-5a77-4010-8fb2-7f1eb09b95fd","name":"Player2","team":"UNASSIGNED","isCaller":false,"handCount":4,"hasPassed":false,"isConnected":true},{"id":"9209a7f7-e217-4c5f-9569-9c04536e42e5","name":"Player3","team":"UNASSIGNED","isCaller":false,"handCount":4,"hasPassed":false,"isConnected":true},{"id":"3cc89f1d-94b7-4b6a-9c19-74104d1007ae","name":"Player4","team":"UNASSIGNED","isCaller":false,"handCount":4,"hasPassed":false,"isConnected":true},{"id":"d6dfcd8e-4569-4a1b-8ac0-9b4becac8310","name":"Player5","team":"UNASSIGNED","isCaller":false,"handCount":4,"hasPassed":false,"isConnected":true}],"currentPlayerIndex":1,"bidHistory":[{"playerId":"ac23cc78-4b55-4b99-8310-d07f3312f3e3","bid":160,"timestamp":1750444863007}],"winningBid":0,"callerId":null,"trumpSuit":null,"friendCards":[],"currentTrick":{"plays":[],"leadPlayerId":null,"winnerId":null,"isComplete":false,"totalPoints":0},"completedTricks":0,"callerTeamPoints":0,"opponentTeamPoints":0,"gameWinner":null}}
2025-06-21T00:11:03.015+05:30  INFO 33377 --- [try1] [lient-AsyncIO-3] _game.try1.GameIntegrationTest           : Received raw message: {"type":"GameStateUpdate","gameState":{"gameId":"DHABYC","phase":"BIDDING","players":[{"id":"ac23cc78-4b55-4b99-8310-d07f3312f3e3","name":"Player1","team":"UNASSIGNED","isCaller":false,"handCount":4,"hasPassed":false,"isConnected":true},{"id":"214af993-5a77-4010-8fb2-7f1eb09b95fd","name":"Player2","team":"UNASSIGNED","isCaller":false,"handCount":4,"hasPassed":false,"isConnected":true},{"id":"9209a7f7-e217-4c5f-9569-9c04536e42e5","name":"Player3","team":"UNASSIGNED","isCaller":false,"handCount":4,"hasPassed":false,"isConnected":true},{"id":"3cc89f1d-94b7-4b6a-9c19-74104d1007ae","name":"Player4","team":"UNASSIGNED","isCaller":false,"handCount":4,"hasPassed":false,"isConnected":true},{"id":"d6dfcd8e-4569-4a1b-8ac0-9b4becac8310","name":"Player5","team":"UNASSIGNED","isCaller":false,"handCount":4,"hasPassed":false,"isConnected":true}],"currentPlayerIndex":1,"bidHistory":[{"playerId":"ac23cc78-4b55-4b99-8310-d07f3312f3e3","bid":160,"timestamp":1750444863007}],"winningBid":0,"callerId":null,"trumpSuit":null,"friendCards":[],"currentTrick":{"plays":[],"leadPlayerId":null,"winnerId":null,"isComplete":false,"totalPoints":0},"completedTricks":0,"callerTeamPoints":0,"opponentTeamPoints":0,"gameWinner":null}}
2025-06-21T00:11:03.015+05:30  INFO 33377 --- [try1] [lient-AsyncIO-8] _game.try1.GameIntegrationTest           : Received raw message: {"type":"GameStateUpdate","gameState":{"gameId":"DHABYC","phase":"BIDDING","players":[{"id":"ac23cc78-4b55-4b99-8310-d07f3312f3e3","name":"Player1","team":"UNASSIGNED","isCaller":false,"handCount":4,"hasPassed":false,"isConnected":true},{"id":"214af993-5a77-4010-8fb2-7f1eb09b95fd","name":"Player2","team":"UNASSIGNED","isCaller":false,"handCount":4,"hasPassed":false,"isConnected":true},{"id":"9209a7f7-e217-4c5f-9569-9c04536e42e5","name":"Player3","team":"UNASSIGNED","isCaller":false,"handCount":4,"hasPassed":false,"isConnected":true},{"id":"3cc89f1d-94b7-4b6a-9c19-74104d1007ae","name":"Player4","team":"UNASSIGNED","isCaller":false,"handCount":4,"hasPassed":false,"isConnected":true},{"id":"d6dfcd8e-4569-4a1b-8ac0-9b4becac8310","name":"Player5","team":"UNASSIGNED","isCaller":false,"handCount":4,"hasPassed":false,"isConnected":true}],"currentPlayerIndex":1,"bidHistory":[{"playerId":"ac23cc78-4b55-4b99-8310-d07f3312f3e3","bid":160,"timestamp":1750444863007}],"winningBid":0,"callerId":null,"trumpSuit":null,"friendCards":[],"currentTrick":{"plays":[],"leadPlayerId":null,"winnerId":null,"isComplete":false,"totalPoints":0},"completedTricks":0,"callerTeamPoints":0,"opponentTeamPoints":0,"gameWinner":null}}
2025-06-21T00:11:03.015+05:30  INFO 33377 --- [try1] [lient-AsyncIO-7] _game.try1.GameIntegrationTest           : Received raw message: {"type":"GameStateUpdate","gameState":{"gameId":"DHABYC","phase":"BIDDING","players":[{"id":"ac23cc78-4b55-4b99-8310-d07f3312f3e3","name":"Player1","team":"UNASSIGNED","isCaller":false,"handCount":4,"hasPassed":false,"isConnected":true},{"id":"214af993-5a77-4010-8fb2-7f1eb09b95fd","name":"Player2","team":"UNASSIGNED","isCaller":false,"handCount":4,"hasPassed":false,"isConnected":true},{"id":"9209a7f7-e217-4c5f-9569-9c04536e42e5","name":"Player3","team":"UNASSIGNED","isCaller":false,"handCount":4,"hasPassed":false,"isConnected":true},{"id":"3cc89f1d-94b7-4b6a-9c19-74104d1007ae","name":"Player4","team":"UNASSIGNED","isCaller":false,"handCount":4,"hasPassed":false,"isConnected":true},{"id":"d6dfcd8e-4569-4a1b-8ac0-9b4becac8310","name":"Player5","team":"UNASSIGNED","isCaller":false,"handCount":4,"hasPassed":false,"isConnected":true}],"currentPlayerIndex":1,"bidHistory":[{"playerId":"ac23cc78-4b55-4b99-8310-d07f3312f3e3","bid":160,"timestamp":1750444863007}],"winningBid":0,"callerId":null,"trumpSuit":null,"friendCards":[],"currentTrick":{"plays":[],"leadPlayerId":null,"winnerId":null,"isComplete":false,"totalPoints":0},"completedTricks":0,"callerTeamPoints":0,"opponentTeamPoints":0,"gameWinner":null}}
2025-06-21T00:11:03.015+05:30  INFO 33377 --- [try1] [lient-AsyncIO-5] _game.try1.GameIntegrationTest           : Received raw message: {"type":"GameStateUpdate","gameState":{"gameId":"DHABYC","phase":"BIDDING","players":[{"id":"ac23cc78-4b55-4b99-8310-d07f3312f3e3","name":"Player1","team":"UNASSIGNED","isCaller":false,"handCount":4,"hasPassed":false,"isConnected":true},{"id":"214af993-5a77-4010-8fb2-7f1eb09b95fd","name":"Player2","team":"UNASSIGNED","isCaller":false,"handCount":4,"hasPassed":false,"isConnected":true},{"id":"9209a7f7-e217-4c5f-9569-9c04536e42e5","name":"Player3","team":"UNASSIGNED","isCaller":false,"handCount":4,"hasPassed":false,"isConnected":true},{"id":"3cc89f1d-94b7-4b6a-9c19-74104d1007ae","name":"Player4","team":"UNASSIGNED","isCaller":false,"handCount":4,"hasPassed":false,"isConnected":true},{"id":"d6dfcd8e-4569-4a1b-8ac0-9b4becac8310","name":"Player5","team":"UNASSIGNED","isCaller":false,"handCount":4,"hasPassed":false,"isConnected":true}],"currentPlayerIndex":1,"bidHistory":[{"playerId":"ac23cc78-4b55-4b99-8310-d07f3312f3e3","bid":160,"timestamp":1750444863007}],"winningBid":0,"callerId":null,"trumpSuit":null,"friendCards":[],"currentTrick":{"plays":[],"leadPlayerId":null,"winnerId":null,"isComplete":false,"totalPoints":0},"completedTricks":0,"callerTeamPoints":0,"opponentTeamPoints":0,"gameWinner":null}}
2025-06-21T00:11:03.505+05:30  INFO 33377 --- [try1] [           main] _game.try1.GameIntegrationTest           : Player 2 passing
2025-06-21T00:11:03.513+05:30  INFO 33377 --- [try1] [lient-AsyncIO-2] _game.try1.GameIntegrationTest           : Received raw message: {"type":"BidPlaced","playerId":"214af993-5a77-4010-8fb2-7f1eb09b95fd","bid":null,"nextPlayerId":"9209a7f7-e217-4c5f-9569-9c04536e42e5"}
2025-06-21T00:11:03.513+05:30  INFO 33377 --- [try1] [lient-AsyncIO-9] _game.try1.GameIntegrationTest           : Received raw message: {"type":"BidPlaced","playerId":"214af993-5a77-4010-8fb2-7f1eb09b95fd","bid":null,"nextPlayerId":"9209a7f7-e217-4c5f-9569-9c04536e42e5"}
2025-06-21T00:11:03.513+05:30  INFO 33377 --- [try1] [lient-AsyncIO-1] _game.try1.GameIntegrationTest           : Received raw message: {"type":"BidPlaced","playerId":"214af993-5a77-4010-8fb2-7f1eb09b95fd","bid":null,"nextPlayerId":"9209a7f7-e217-4c5f-9569-9c04536e42e5"}
2025-06-21T00:11:03.513+05:30  INFO 33377 --- [try1] [lient-AsyncIO-6] _game.try1.GameIntegrationTest           : Received raw message: {"type":"BidPlaced","playerId":"214af993-5a77-4010-8fb2-7f1eb09b95fd","bid":null,"nextPlayerId":"9209a7f7-e217-4c5f-9569-9c04536e42e5"}
2025-06-21T00:11:03.513+05:30  INFO 33377 --- [try1] [ient-AsyncIO-12] _game.try1.GameIntegrationTest           : Received raw message: {"type":"BidPlaced","playerId":"214af993-5a77-4010-8fb2-7f1eb09b95fd","bid":null,"nextPlayerId":"9209a7f7-e217-4c5f-9569-9c04536e42e5"}
2025-06-21T00:11:03.514+05:30  INFO 33377 --- [try1] [lient-AsyncIO-1] _game.try1.GameIntegrationTest           : Received raw message: {"type":"GameStateUpdate","gameState":{"gameId":"DHABYC","phase":"BIDDING","players":[{"id":"ac23cc78-4b55-4b99-8310-d07f3312f3e3","name":"Player1","team":"UNASSIGNED","isCaller":false,"handCount":4,"hasPassed":false,"isConnected":true},{"id":"214af993-5a77-4010-8fb2-7f1eb09b95fd","name":"Player2","team":"UNASSIGNED","isCaller":false,"handCount":4,"hasPassed":true,"isConnected":true},{"id":"9209a7f7-e217-4c5f-9569-9c04536e42e5","name":"Player3","team":"UNASSIGNED","isCaller":false,"handCount":4,"hasPassed":false,"isConnected":true},{"id":"3cc89f1d-94b7-4b6a-9c19-74104d1007ae","name":"Player4","team":"UNASSIGNED","isCaller":false,"handCount":4,"hasPassed":false,"isConnected":true},{"id":"d6dfcd8e-4569-4a1b-8ac0-9b4becac8310","name":"Player5","team":"UNASSIGNED","isCaller":false,"handCount":4,"hasPassed":false,"isConnected":true}],"currentPlayerIndex":2,"bidHistory":[{"playerId":"ac23cc78-4b55-4b99-8310-d07f3312f3e3","bid":160,"timestamp":1750444863007},{"playerId":"214af993-5a77-4010-8fb2-7f1eb09b95fd","bid":null,"timestamp":1750444863511}],"winningBid":0,"callerId":null,"trumpSuit":null,"friendCards":[],"currentTrick":{"plays":[],"leadPlayerId":null,"winnerId":null,"isComplete":false,"totalPoints":0},"completedTricks":0,"callerTeamPoints":0,"opponentTeamPoints":0,"gameWinner":null}}
2025-06-21T00:11:03.515+05:30  INFO 33377 --- [try1] [lient-AsyncIO-2] _game.try1.GameIntegrationTest           : Received raw message: {"type":"GameStateUpdate","gameState":{"gameId":"DHABYC","phase":"BIDDING","players":[{"id":"ac23cc78-4b55-4b99-8310-d07f3312f3e3","name":"Player1","team":"UNASSIGNED","isCaller":false,"handCount":4,"hasPassed":false,"isConnected":true},{"id":"214af993-5a77-4010-8fb2-7f1eb09b95fd","name":"Player2","team":"UNASSIGNED","isCaller":false,"handCount":4,"hasPassed":true,"isConnected":true},{"id":"9209a7f7-e217-4c5f-9569-9c04536e42e5","name":"Player3","team":"UNASSIGNED","isCaller":false,"handCount":4,"hasPassed":false,"isConnected":true},{"id":"3cc89f1d-94b7-4b6a-9c19-74104d1007ae","name":"Player4","team":"UNASSIGNED","isCaller":false,"handCount":4,"hasPassed":false,"isConnected":true},{"id":"d6dfcd8e-4569-4a1b-8ac0-9b4becac8310","name":"Player5","team":"UNASSIGNED","isCaller":false,"handCount":4,"hasPassed":false,"isConnected":true}],"currentPlayerIndex":2,"bidHistory":[{"playerId":"ac23cc78-4b55-4b99-8310-d07f3312f3e3","bid":160,"timestamp":1750444863007},{"playerId":"214af993-5a77-4010-8fb2-7f1eb09b95fd","bid":null,"timestamp":1750444863511}],"winningBid":0,"callerId":null,"trumpSuit":null,"friendCards":[],"currentTrick":{"plays":[],"leadPlayerId":null,"winnerId":null,"isComplete":false,"totalPoints":0},"completedTricks":0,"callerTeamPoints":0,"opponentTeamPoints":0,"gameWinner":null}}
2025-06-21T00:11:03.515+05:30  INFO 33377 --- [try1] [ient-AsyncIO-12] _game.try1.GameIntegrationTest           : Received raw message: {"type":"GameStateUpdate","gameState":{"gameId":"DHABYC","phase":"BIDDING","players":[{"id":"ac23cc78-4b55-4b99-8310-d07f3312f3e3","name":"Player1","team":"UNASSIGNED","isCaller":false,"handCount":4,"hasPassed":false,"isConnected":true},{"id":"214af993-5a77-4010-8fb2-7f1eb09b95fd","name":"Player2","team":"UNASSIGNED","isCaller":false,"handCount":4,"hasPassed":true,"isConnected":true},{"id":"9209a7f7-e217-4c5f-9569-9c04536e42e5","name":"Player3","team":"UNASSIGNED","isCaller":false,"handCount":4,"hasPassed":false,"isConnected":true},{"id":"3cc89f1d-94b7-4b6a-9c19-74104d1007ae","name":"Player4","team":"UNASSIGNED","isCaller":false,"handCount":4,"hasPassed":false,"isConnected":true},{"id":"d6dfcd8e-4569-4a1b-8ac0-9b4becac8310","name":"Player5","team":"UNASSIGNED","isCaller":false,"handCount":4,"hasPassed":false,"isConnected":true}],"currentPlayerIndex":2,"bidHistory":[{"playerId":"ac23cc78-4b55-4b99-8310-d07f3312f3e3","bid":160,"timestamp":1750444863007},{"playerId":"214af993-5a77-4010-8fb2-7f1eb09b95fd","bid":null,"timestamp":1750444863511}],"winningBid":0,"callerId":null,"trumpSuit":null,"friendCards":[],"currentTrick":{"plays":[],"leadPlayerId":null,"winnerId":null,"isComplete":false,"totalPoints":0},"completedTricks":0,"callerTeamPoints":0,"opponentTeamPoints":0,"gameWinner":null}}
2025-06-21T00:11:03.515+05:30  INFO 33377 --- [try1] [ient-AsyncIO-11] _game.try1.GameIntegrationTest           : Received raw message: {"type":"GameStateUpdate","gameState":{"gameId":"DHABYC","phase":"BIDDING","players":[{"id":"ac23cc78-4b55-4b99-8310-d07f3312f3e3","name":"Player1","team":"UNASSIGNED","isCaller":false,"handCount":4,"hasPassed":false,"isConnected":true},{"id":"214af993-5a77-4010-8fb2-7f1eb09b95fd","name":"Player2","team":"UNASSIGNED","isCaller":false,"handCount":4,"hasPassed":true,"isConnected":true},{"id":"9209a7f7-e217-4c5f-9569-9c04536e42e5","name":"Player3","team":"UNASSIGNED","isCaller":false,"handCount":4,"hasPassed":false,"isConnected":true},{"id":"3cc89f1d-94b7-4b6a-9c19-74104d1007ae","name":"Player4","team":"UNASSIGNED","isCaller":false,"handCount":4,"hasPassed":false,"isConnected":true},{"id":"d6dfcd8e-4569-4a1b-8ac0-9b4becac8310","name":"Player5","team":"UNASSIGNED","isCaller":false,"handCount":4,"hasPassed":false,"isConnected":true}],"currentPlayerIndex":2,"bidHistory":[{"playerId":"ac23cc78-4b55-4b99-8310-d07f3312f3e3","bid":160,"timestamp":1750444863007},{"playerId":"214af993-5a77-4010-8fb2-7f1eb09b95fd","bid":null,"timestamp":1750444863511}],"winningBid":0,"callerId":null,"trumpSuit":null,"friendCards":[],"currentTrick":{"plays":[],"leadPlayerId":null,"winnerId":null,"isComplete":false,"totalPoints":0},"completedTricks":0,"callerTeamPoints":0,"opponentTeamPoints":0,"gameWinner":null}}
2025-06-21T00:11:03.515+05:30  INFO 33377 --- [try1] [lient-AsyncIO-9] _game.try1.GameIntegrationTest           : Received raw message: {"type":"GameStateUpdate","gameState":{"gameId":"DHABYC","phase":"BIDDING","players":[{"id":"ac23cc78-4b55-4b99-8310-d07f3312f3e3","name":"Player1","team":"UNASSIGNED","isCaller":false,"handCount":4,"hasPassed":false,"isConnected":true},{"id":"214af993-5a77-4010-8fb2-7f1eb09b95fd","name":"Player2","team":"UNASSIGNED","isCaller":false,"handCount":4,"hasPassed":true,"isConnected":true},{"id":"9209a7f7-e217-4c5f-9569-9c04536e42e5","name":"Player3","team":"UNASSIGNED","isCaller":false,"handCount":4,"hasPassed":false,"isConnected":true},{"id":"3cc89f1d-94b7-4b6a-9c19-74104d1007ae","name":"Player4","team":"UNASSIGNED","isCaller":false,"handCount":4,"hasPassed":false,"isConnected":true},{"id":"d6dfcd8e-4569-4a1b-8ac0-9b4becac8310","name":"Player5","team":"UNASSIGNED","isCaller":false,"handCount":4,"hasPassed":false,"isConnected":true}],"currentPlayerIndex":2,"bidHistory":[{"playerId":"ac23cc78-4b55-4b99-8310-d07f3312f3e3","bid":160,"timestamp":1750444863007},{"playerId":"214af993-5a77-4010-8fb2-7f1eb09b95fd","bid":null,"timestamp":1750444863511}],"winningBid":0,"callerId":null,"trumpSuit":null,"friendCards":[],"currentTrick":{"plays":[],"leadPlayerId":null,"winnerId":null,"isComplete":false,"totalPoints":0},"completedTricks":0,"callerTeamPoints":0,"opponentTeamPoints":0,"gameWinner":null}}
2025-06-21T00:11:04.011+05:30  INFO 33377 --- [try1] [           main] _game.try1.GameIntegrationTest           : Player 3 passing
2025-06-21T00:11:04.018+05:30  INFO 33377 --- [try1] [lient-AsyncIO-8] _game.try1.GameIntegrationTest           : Received raw message: {"type":"BidPlaced","playerId":"9209a7f7-e217-4c5f-9569-9c04536e42e5","bid":null,"nextPlayerId":"3cc89f1d-94b7-4b6a-9c19-74104d1007ae"}
2025-06-21T00:11:04.019+05:30  INFO 33377 --- [try1] [lient-AsyncIO-7] _game.try1.GameIntegrationTest           : Received raw message: {"type":"BidPlaced","playerId":"9209a7f7-e217-4c5f-9569-9c04536e42e5","bid":null,"nextPlayerId":"3cc89f1d-94b7-4b6a-9c19-74104d1007ae"}
2025-06-21T00:11:04.019+05:30  INFO 33377 --- [try1] [lient-AsyncIO-8] _game.try1.GameIntegrationTest           : Received raw message: {"type":"GameStateUpdate","gameState":{"gameId":"DHABYC","phase":"BIDDING","players":[{"id":"ac23cc78-4b55-4b99-8310-d07f3312f3e3","name":"Player1","team":"UNASSIGNED","isCaller":false,"handCount":4,"hasPassed":false,"isConnected":true},{"id":"214af993-5a77-4010-8fb2-7f1eb09b95fd","name":"Player2","team":"UNASSIGNED","isCaller":false,"handCount":4,"hasPassed":true,"isConnected":true},{"id":"9209a7f7-e217-4c5f-9569-9c04536e42e5","name":"Player3","team":"UNASSIGNED","isCaller":false,"handCount":4,"hasPassed":true,"isConnected":true},{"id":"3cc89f1d-94b7-4b6a-9c19-74104d1007ae","name":"Player4","team":"UNASSIGNED","isCaller":false,"handCount":4,"hasPassed":false,"isConnected":true},{"id":"d6dfcd8e-4569-4a1b-8ac0-9b4becac8310","name":"Player5","team":"UNASSIGNED","isCaller":false,"handCount":4,"hasPassed":false,"isConnected":true}],"currentPlayerIndex":3,"bidHistory":[{"playerId":"ac23cc78-4b55-4b99-8310-d07f3312f3e3","bid":160,"timestamp":1750444863007},{"playerId":"214af993-5a77-4010-8fb2-7f1eb09b95fd","bid":null,"timestamp":1750444863511},{"playerId":"9209a7f7-e217-4c5f-9569-9c04536e42e5","bid":null,"timestamp":1750444864015}],"winningBid":0,"callerId":null,"trumpSuit":null,"friendCards":[],"currentTrick":{"plays":[],"leadPlayerId":null,"winnerId":null,"isComplete":false,"totalPoints":0},"completedTricks":0,"callerTeamPoints":0,"opponentTeamPoints":0,"gameWinner":null}}
2025-06-21T00:11:04.020+05:30  INFO 33377 --- [try1] [lient-AsyncIO-7] _game.try1.GameIntegrationTest           : Received raw message: {"type":"GameStateUpdate","gameState":{"gameId":"DHABYC","phase":"BIDDING","players":[{"id":"ac23cc78-4b55-4b99-8310-d07f3312f3e3","name":"Player1","team":"UNASSIGNED","isCaller":false,"handCount":4,"hasPassed":false,"isConnected":true},{"id":"214af993-5a77-4010-8fb2-7f1eb09b95fd","name":"Player2","team":"UNASSIGNED","isCaller":false,"handCount":4,"hasPassed":true,"isConnected":true},{"id":"9209a7f7-e217-4c5f-9569-9c04536e42e5","name":"Player3","team":"UNASSIGNED","isCaller":false,"handCount":4,"hasPassed":true,"isConnected":true},{"id":"3cc89f1d-94b7-4b6a-9c19-74104d1007ae","name":"Player4","team":"UNASSIGNED","isCaller":false,"handCount":4,"hasPassed":false,"isConnected":true},{"id":"d6dfcd8e-4569-4a1b-8ac0-9b4becac8310","name":"Player5","team":"UNASSIGNED","isCaller":false,"handCount":4,"hasPassed":false,"isConnected":true}],"currentPlayerIndex":3,"bidHistory":[{"playerId":"ac23cc78-4b55-4b99-8310-d07f3312f3e3","bid":160,"timestamp":1750444863007},{"playerId":"214af993-5a77-4010-8fb2-7f1eb09b95fd","bid":null,"timestamp":1750444863511},{"playerId":"9209a7f7-e217-4c5f-9569-9c04536e42e5","bid":null,"timestamp":1750444864015}],"winningBid":0,"callerId":null,"trumpSuit":null,"friendCards":[],"currentTrick":{"plays":[],"leadPlayerId":null,"winnerId":null,"isComplete":false,"totalPoints":0},"completedTricks":0,"callerTeamPoints":0,"opponentTeamPoints":0,"gameWinner":null}}
2025-06-21T00:11:04.019+05:30  INFO 33377 --- [try1] [lient-AsyncIO-5] _game.try1.GameIntegrationTest           : Received raw message: {"type":"BidPlaced","playerId":"9209a7f7-e217-4c5f-9569-9c04536e42e5","bid":null,"nextPlayerId":"3cc89f1d-94b7-4b6a-9c19-74104d1007ae"}
2025-06-21T00:11:04.020+05:30  INFO 33377 --- [try1] [lient-AsyncIO-8] _game.try1.GameIntegrationTest           : Received raw message: {"type":"BidPlaced","playerId":"9209a7f7-e217-4c5f-9569-9c04536e42e5","bid":null,"nextPlayerId":"3cc89f1d-94b7-4b6a-9c19-74104d1007ae"}
2025-06-21T00:11:04.020+05:30  INFO 33377 --- [try1] [lient-AsyncIO-5] _game.try1.GameIntegrationTest           : Received raw message: {"type":"GameStateUpdate","gameState":{"gameId":"DHABYC","phase":"BIDDING","players":[{"id":"ac23cc78-4b55-4b99-8310-d07f3312f3e3","name":"Player1","team":"UNASSIGNED","isCaller":false,"handCount":4,"hasPassed":false,"isConnected":true},{"id":"214af993-5a77-4010-8fb2-7f1eb09b95fd","name":"Player2","team":"UNASSIGNED","isCaller":false,"handCount":4,"hasPassed":true,"isConnected":true},{"id":"9209a7f7-e217-4c5f-9569-9c04536e42e5","name":"Player3","team":"UNASSIGNED","isCaller":false,"handCount":4,"hasPassed":true,"isConnected":true},{"id":"3cc89f1d-94b7-4b6a-9c19-74104d1007ae","name":"Player4","team":"UNASSIGNED","isCaller":false,"handCount":4,"hasPassed":false,"isConnected":true},{"id":"d6dfcd8e-4569-4a1b-8ac0-9b4becac8310","name":"Player5","team":"UNASSIGNED","isCaller":false,"handCount":4,"hasPassed":false,"isConnected":true}],"currentPlayerIndex":3,"bidHistory":[{"playerId":"ac23cc78-4b55-4b99-8310-d07f3312f3e3","bid":160,"timestamp":1750444863007},{"playerId":"214af993-5a77-4010-8fb2-7f1eb09b95fd","bid":null,"timestamp":1750444863511},{"playerId":"9209a7f7-e217-4c5f-9569-9c04536e42e5","bid":null,"timestamp":1750444864015}],"winningBid":0,"callerId":null,"trumpSuit":null,"friendCards":[],"currentTrick":{"plays":[],"leadPlayerId":null,"winnerId":null,"isComplete":false,"totalPoints":0},"completedTricks":0,"callerTeamPoints":0,"opponentTeamPoints":0,"gameWinner":null}}
2025-06-21T00:11:04.020+05:30  INFO 33377 --- [try1] [lient-AsyncIO-8] _game.try1.GameIntegrationTest           : Received raw message: {"type":"GameStateUpdate","gameState":{"gameId":"DHABYC","phase":"BIDDING","players":[{"id":"ac23cc78-4b55-4b99-8310-d07f3312f3e3","name":"Player1","team":"UNASSIGNED","isCaller":false,"handCount":4,"hasPassed":false,"isConnected":true},{"id":"214af993-5a77-4010-8fb2-7f1eb09b95fd","name":"Player2","team":"UNASSIGNED","isCaller":false,"handCount":4,"hasPassed":true,"isConnected":true},{"id":"9209a7f7-e217-4c5f-9569-9c04536e42e5","name":"Player3","team":"UNASSIGNED","isCaller":false,"handCount":4,"hasPassed":true,"isConnected":true},{"id":"3cc89f1d-94b7-4b6a-9c19-74104d1007ae","name":"Player4","team":"UNASSIGNED","isCaller":false,"handCount":4,"hasPassed":false,"isConnected":true},{"id":"d6dfcd8e-4569-4a1b-8ac0-9b4becac8310","name":"Player5","team":"UNASSIGNED","isCaller":false,"handCount":4,"hasPassed":false,"isConnected":true}],"currentPlayerIndex":3,"bidHistory":[{"playerId":"ac23cc78-4b55-4b99-8310-d07f3312f3e3","bid":160,"timestamp":1750444863007},{"playerId":"214af993-5a77-4010-8fb2-7f1eb09b95fd","bid":null,"timestamp":1750444863511},{"playerId":"9209a7f7-e217-4c5f-9569-9c04536e42e5","bid":null,"timestamp":1750444864015}],"winningBid":0,"callerId":null,"trumpSuit":null,"friendCards":[],"currentTrick":{"plays":[],"leadPlayerId":null,"winnerId":null,"isComplete":false,"totalPoints":0},"completedTricks":0,"callerTeamPoints":0,"opponentTeamPoints":0,"gameWinner":null}}
2025-06-21T00:11:04.021+05:30  INFO 33377 --- [try1] [lient-AsyncIO-4] _game.try1.GameIntegrationTest           : Received raw message: {"type":"BidPlaced","playerId":"9209a7f7-e217-4c5f-9569-9c04536e42e5","bid":null,"nextPlayerId":"3cc89f1d-94b7-4b6a-9c19-74104d1007ae"}
2025-06-21T00:11:04.021+05:30  INFO 33377 --- [try1] [lient-AsyncIO-4] _game.try1.GameIntegrationTest           : Received raw message: {"type":"GameStateUpdate","gameState":{"gameId":"DHABYC","phase":"BIDDING","players":[{"id":"ac23cc78-4b55-4b99-8310-d07f3312f3e3","name":"Player1","team":"UNASSIGNED","isCaller":false,"handCount":4,"hasPassed":false,"isConnected":true},{"id":"214af993-5a77-4010-8fb2-7f1eb09b95fd","name":"Player2","team":"UNASSIGNED","isCaller":false,"handCount":4,"hasPassed":true,"isConnected":true},{"id":"9209a7f7-e217-4c5f-9569-9c04536e42e5","name":"Player3","team":"UNASSIGNED","isCaller":false,"handCount":4,"hasPassed":true,"isConnected":true},{"id":"3cc89f1d-94b7-4b6a-9c19-74104d1007ae","name":"Player4","team":"UNASSIGNED","isCaller":false,"handCount":4,"hasPassed":false,"isConnected":true},{"id":"d6dfcd8e-4569-4a1b-8ac0-9b4becac8310","name":"Player5","team":"UNASSIGNED","isCaller":false,"handCount":4,"hasPassed":false,"isConnected":true}],"currentPlayerIndex":3,"bidHistory":[{"playerId":"ac23cc78-4b55-4b99-8310-d07f3312f3e3","bid":160,"timestamp":1750444863007},{"playerId":"214af993-5a77-4010-8fb2-7f1eb09b95fd","bid":null,"timestamp":1750444863511},{"playerId":"9209a7f7-e217-4c5f-9569-9c04536e42e5","bid":null,"timestamp":1750444864015}],"winningBid":0,"callerId":null,"trumpSuit":null,"friendCards":[],"currentTrick":{"plays":[],"leadPlayerId":null,"winnerId":null,"isComplete":false,"totalPoints":0},"completedTricks":0,"callerTeamPoints":0,"opponentTeamPoints":0,"gameWinner":null}}
2025-06-21T00:11:04.515+05:30  INFO 33377 --- [try1] [           main] _game.try1.GameIntegrationTest           : Player 4 passing
2025-06-21T00:11:04.523+05:30  INFO 33377 --- [try1] [lient-AsyncIO-7] _game.try1.GameIntegrationTest           : Received raw message: {"type":"BidPlaced","playerId":"3cc89f1d-94b7-4b6a-9c19-74104d1007ae","bid":null,"nextPlayerId":"d6dfcd8e-4569-4a1b-8ac0-9b4becac8310"}
2025-06-21T00:11:04.524+05:30  INFO 33377 --- [try1] [ient-AsyncIO-11] _game.try1.GameIntegrationTest           : Received raw message: {"type":"BidPlaced","playerId":"3cc89f1d-94b7-4b6a-9c19-74104d1007ae","bid":null,"nextPlayerId":"d6dfcd8e-4569-4a1b-8ac0-9b4becac8310"}
2025-06-21T00:11:04.524+05:30  INFO 33377 --- [try1] [lient-AsyncIO-9] _game.try1.GameIntegrationTest           : Received raw message: {"type":"BidPlaced","playerId":"3cc89f1d-94b7-4b6a-9c19-74104d1007ae","bid":null,"nextPlayerId":"d6dfcd8e-4569-4a1b-8ac0-9b4becac8310"}
2025-06-21T00:11:04.524+05:30  INFO 33377 --- [try1] [ient-AsyncIO-11] _game.try1.GameIntegrationTest           : Received raw message: {"type":"GameStateUpdate","gameState":{"gameId":"DHABYC","phase":"BIDDING","players":[{"id":"ac23cc78-4b55-4b99-8310-d07f3312f3e3","name":"Player1","team":"UNASSIGNED","isCaller":false,"handCount":4,"hasPassed":false,"isConnected":true},{"id":"214af993-5a77-4010-8fb2-7f1eb09b95fd","name":"Player2","team":"UNASSIGNED","isCaller":false,"handCount":4,"hasPassed":true,"isConnected":true},{"id":"9209a7f7-e217-4c5f-9569-9c04536e42e5","name":"Player3","team":"UNASSIGNED","isCaller":false,"handCount":4,"hasPassed":true,"isConnected":true},{"id":"3cc89f1d-94b7-4b6a-9c19-74104d1007ae","name":"Player4","team":"UNASSIGNED","isCaller":false,"handCount":4,"hasPassed":true,"isConnected":true},{"id":"d6dfcd8e-4569-4a1b-8ac0-9b4becac8310","name":"Player5","team":"UNASSIGNED","isCaller":false,"handCount":4,"hasPassed":false,"isConnected":true}],"currentPlayerIndex":4,"bidHistory":[{"playerId":"ac23cc78-4b55-4b99-8310-d07f3312f3e3","bid":160,"timestamp":1750444863007},{"playerId":"214af993-5a77-4010-8fb2-7f1eb09b95fd","bid":null,"timestamp":1750444863511},{"playerId":"9209a7f7-e217-4c5f-9569-9c04536e42e5","bid":null,"timestamp":1750444864015},{"playerId":"3cc89f1d-94b7-4b6a-9c19-74104d1007ae","bid":null,"timestamp":1750444864519}],"winningBid":0,"callerId":null,"trumpSuit":null,"friendCards":[],"currentTrick":{"plays":[],"leadPlayerId":null,"winnerId":null,"isComplete":false,"totalPoints":0},"completedTricks":0,"callerTeamPoints":0,"opponentTeamPoints":0,"gameWinner":null}}
2025-06-21T00:11:04.525+05:30  INFO 33377 --- [try1] [lient-AsyncIO-9] _game.try1.GameIntegrationTest           : Received raw message: {"type":"GameStateUpdate","gameState":{"gameId":"DHABYC","phase":"BIDDING","players":[{"id":"ac23cc78-4b55-4b99-8310-d07f3312f3e3","name":"Player1","team":"UNASSIGNED","isCaller":false,"handCount":4,"hasPassed":false,"isConnected":true},{"id":"214af993-5a77-4010-8fb2-7f1eb09b95fd","name":"Player2","team":"UNASSIGNED","isCaller":false,"handCount":4,"hasPassed":true,"isConnected":true},{"id":"9209a7f7-e217-4c5f-9569-9c04536e42e5","name":"Player3","team":"UNASSIGNED","isCaller":false,"handCount":4,"hasPassed":true,"isConnected":true},{"id":"3cc89f1d-94b7-4b6a-9c19-74104d1007ae","name":"Player4","team":"UNASSIGNED","isCaller":false,"handCount":4,"hasPassed":true,"isConnected":true},{"id":"d6dfcd8e-4569-4a1b-8ac0-9b4becac8310","name":"Player5","team":"UNASSIGNED","isCaller":false,"handCount":4,"hasPassed":false,"isConnected":true}],"currentPlayerIndex":4,"bidHistory":[{"playerId":"ac23cc78-4b55-4b99-8310-d07f3312f3e3","bid":160,"timestamp":1750444863007},{"playerId":"214af993-5a77-4010-8fb2-7f1eb09b95fd","bid":null,"timestamp":1750444863511},{"playerId":"9209a7f7-e217-4c5f-9569-9c04536e42e5","bid":null,"timestamp":1750444864015},{"playerId":"3cc89f1d-94b7-4b6a-9c19-74104d1007ae","bid":null,"timestamp":1750444864519}],"winningBid":0,"callerId":null,"trumpSuit":null,"friendCards":[],"currentTrick":{"plays":[],"leadPlayerId":null,"winnerId":null,"isComplete":false,"totalPoints":0},"completedTricks":0,"callerTeamPoints":0,"opponentTeamPoints":0,"gameWinner":null}}
2025-06-21T00:11:04.524+05:30  INFO 33377 --- [try1] [lient-AsyncIO-7] _game.try1.GameIntegrationTest           : Received raw message: {"type":"GameStateUpdate","gameState":{"gameId":"DHABYC","phase":"BIDDING","players":[{"id":"ac23cc78-4b55-4b99-8310-d07f3312f3e3","name":"Player1","team":"UNASSIGNED","isCaller":false,"handCount":4,"hasPassed":false,"isConnected":true},{"id":"214af993-5a77-4010-8fb2-7f1eb09b95fd","name":"Player2","team":"UNASSIGNED","isCaller":false,"handCount":4,"hasPassed":true,"isConnected":true},{"id":"9209a7f7-e217-4c5f-9569-9c04536e42e5","name":"Player3","team":"UNASSIGNED","isCaller":false,"handCount":4,"hasPassed":true,"isConnected":true},{"id":"3cc89f1d-94b7-4b6a-9c19-74104d1007ae","name":"Player4","team":"UNASSIGNED","isCaller":false,"handCount":4,"hasPassed":true,"isConnected":true},{"id":"d6dfcd8e-4569-4a1b-8ac0-9b4becac8310","name":"Player5","team":"UNASSIGNED","isCaller":false,"handCount":4,"hasPassed":false,"isConnected":true}],"currentPlayerIndex":4,"bidHistory":[{"playerId":"ac23cc78-4b55-4b99-8310-d07f3312f3e3","bid":160,"timestamp":1750444863007},{"playerId":"214af993-5a77-4010-8fb2-7f1eb09b95fd","bid":null,"timestamp":1750444863511},{"playerId":"9209a7f7-e217-4c5f-9569-9c04536e42e5","bid":null,"timestamp":1750444864015},{"playerId":"3cc89f1d-94b7-4b6a-9c19-74104d1007ae","bid":null,"timestamp":1750444864519}],"winningBid":0,"callerId":null,"trumpSuit":null,"friendCards":[],"currentTrick":{"plays":[],"leadPlayerId":null,"winnerId":null,"isComplete":false,"totalPoints":0},"completedTricks":0,"callerTeamPoints":0,"opponentTeamPoints":0,"gameWinner":null}}
2025-06-21T00:11:04.525+05:30  INFO 33377 --- [try1] [ient-AsyncIO-12] _game.try1.GameIntegrationTest           : Received raw message: {"type":"BidPlaced","playerId":"3cc89f1d-94b7-4b6a-9c19-74104d1007ae","bid":null,"nextPlayerId":"d6dfcd8e-4569-4a1b-8ac0-9b4becac8310"}
2025-06-21T00:11:04.525+05:30  INFO 33377 --- [try1] [ient-AsyncIO-10] _game.try1.GameIntegrationTest           : Received raw message: {"type":"BidPlaced","playerId":"3cc89f1d-94b7-4b6a-9c19-74104d1007ae","bid":null,"nextPlayerId":"d6dfcd8e-4569-4a1b-8ac0-9b4becac8310"}
2025-06-21T00:11:04.526+05:30  INFO 33377 --- [try1] [ient-AsyncIO-12] _game.try1.GameIntegrationTest           : Received raw message: {"type":"GameStateUpdate","gameState":{"gameId":"DHABYC","phase":"BIDDING","players":[{"id":"ac23cc78-4b55-4b99-8310-d07f3312f3e3","name":"Player1","team":"UNASSIGNED","isCaller":false,"handCount":4,"hasPassed":false,"isConnected":true},{"id":"214af993-5a77-4010-8fb2-7f1eb09b95fd","name":"Player2","team":"UNASSIGNED","isCaller":false,"handCount":4,"hasPassed":true,"isConnected":true},{"id":"9209a7f7-e217-4c5f-9569-9c04536e42e5","name":"Player3","team":"UNASSIGNED","isCaller":false,"handCount":4,"hasPassed":true,"isConnected":true},{"id":"3cc89f1d-94b7-4b6a-9c19-74104d1007ae","name":"Player4","team":"UNASSIGNED","isCaller":false,"handCount":4,"hasPassed":true,"isConnected":true},{"id":"d6dfcd8e-4569-4a1b-8ac0-9b4becac8310","name":"Player5","team":"UNASSIGNED","isCaller":false,"handCount":4,"hasPassed":false,"isConnected":true}],"currentPlayerIndex":4,"bidHistory":[{"playerId":"ac23cc78-4b55-4b99-8310-d07f3312f3e3","bid":160,"timestamp":1750444863007},{"playerId":"214af993-5a77-4010-8fb2-7f1eb09b95fd","bid":null,"timestamp":1750444863511},{"playerId":"9209a7f7-e217-4c5f-9569-9c04536e42e5","bid":null,"timestamp":1750444864015},{"playerId":"3cc89f1d-94b7-4b6a-9c19-74104d1007ae","bid":null,"timestamp":1750444864519}],"winningBid":0,"callerId":null,"trumpSuit":null,"friendCards":[],"currentTrick":{"plays":[],"leadPlayerId":null,"winnerId":null,"isComplete":false,"totalPoints":0},"completedTricks":0,"callerTeamPoints":0,"opponentTeamPoints":0,"gameWinner":null}}
2025-06-21T00:11:04.526+05:30  INFO 33377 --- [try1] [ient-AsyncIO-10] _game.try1.GameIntegrationTest           : Received raw message: {"type":"GameStateUpdate","gameState":{"gameId":"DHABYC","phase":"BIDDING","players":[{"id":"ac23cc78-4b55-4b99-8310-d07f3312f3e3","name":"Player1","team":"UNASSIGNED","isCaller":false,"handCount":4,"hasPassed":false,"isConnected":true},{"id":"214af993-5a77-4010-8fb2-7f1eb09b95fd","name":"Player2","team":"UNASSIGNED","isCaller":false,"handCount":4,"hasPassed":true,"isConnected":true},{"id":"9209a7f7-e217-4c5f-9569-9c04536e42e5","name":"Player3","team":"UNASSIGNED","isCaller":false,"handCount":4,"hasPassed":true,"isConnected":true},{"id":"3cc89f1d-94b7-4b6a-9c19-74104d1007ae","name":"Player4","team":"UNASSIGNED","isCaller":false,"handCount":4,"hasPassed":true,"isConnected":true},{"id":"d6dfcd8e-4569-4a1b-8ac0-9b4becac8310","name":"Player5","team":"UNASSIGNED","isCaller":false,"handCount":4,"hasPassed":false,"isConnected":true}],"currentPlayerIndex":4,"bidHistory":[{"playerId":"ac23cc78-4b55-4b99-8310-d07f3312f3e3","bid":160,"timestamp":1750444863007},{"playerId":"214af993-5a77-4010-8fb2-7f1eb09b95fd","bid":null,"timestamp":1750444863511},{"playerId":"9209a7f7-e217-4c5f-9569-9c04536e42e5","bid":null,"timestamp":1750444864015},{"playerId":"3cc89f1d-94b7-4b6a-9c19-74104d1007ae","bid":null,"timestamp":1750444864519}],"winningBid":0,"callerId":null,"trumpSuit":null,"friendCards":[],"currentTrick":{"plays":[],"leadPlayerId":null,"winnerId":null,"isComplete":false,"totalPoints":0},"completedTricks":0,"callerTeamPoints":0,"opponentTeamPoints":0,"gameWinner":null}}
2025-06-21T00:11:05.022+05:30  INFO 33377 --- [try1] [           main] _game.try1.GameIntegrationTest           : Player 5 passing
2025-06-21T00:11:05.033+05:30  INFO 33377 --- [try1] [ient-AsyncIO-10] _game.try1.GameIntegrationTest           : Received raw message: {"type":"BidPlaced","playerId":"d6dfcd8e-4569-4a1b-8ac0-9b4becac8310","bid":null,"nextPlayerId":null}
2025-06-21T00:11:05.033+05:30  INFO 33377 --- [try1] [lient-AsyncIO-9] _game.try1.GameIntegrationTest           : Received raw message: {"type":"BidPlaced","playerId":"d6dfcd8e-4569-4a1b-8ac0-9b4becac8310","bid":null,"nextPlayerId":null}
2025-06-21T00:11:05.034+05:30  INFO 33377 --- [try1] [ient-AsyncIO-10] _game.try1.GameIntegrationTest           : Received raw message: {"type":"GameStateUpdate","gameState":{"gameId":"DHABYC","phase":"FRIEND_SELECTION","players":[{"id":"ac23cc78-4b55-4b99-8310-d07f3312f3e3","name":"Player1","team":"UNASSIGNED","isCaller":true,"handCount":8,"hasPassed":false,"isConnected":true},{"id":"214af993-5a77-4010-8fb2-7f1eb09b95fd","name":"Player2","team":"UNASSIGNED","isCaller":false,"handCount":8,"hasPassed":true,"isConnected":true},{"id":"9209a7f7-e217-4c5f-9569-9c04536e42e5","name":"Player3","team":"UNASSIGNED","isCaller":false,"handCount":8,"hasPassed":true,"isConnected":true},{"id":"3cc89f1d-94b7-4b6a-9c19-74104d1007ae","name":"Player4","team":"UNASSIGNED","isCaller":false,"handCount":8,"hasPassed":true,"isConnected":true},{"id":"d6dfcd8e-4569-4a1b-8ac0-9b4becac8310","name":"Player5","team":"UNASSIGNED","isCaller":false,"handCount":8,"hasPassed":true,"isConnected":true}],"currentPlayerIndex":0,"bidHistory":[{"playerId":"ac23cc78-4b55-4b99-8310-d07f3312f3e3","bid":160,"timestamp":1750444863007},{"playerId":"214af993-5a77-4010-8fb2-7f1eb09b95fd","bid":null,"timestamp":1750444863511},{"playerId":"9209a7f7-e217-4c5f-9569-9c04536e42e5","bid":null,"timestamp":1750444864015},{"playerId":"3cc89f1d-94b7-4b6a-9c19-74104d1007ae","bid":null,"timestamp":1750444864519},{"playerId":"d6dfcd8e-4569-4a1b-8ac0-9b4becac8310","bid":null,"timestamp":1750444865027}],"winningBid":160,"callerId":"ac23cc78-4b55-4b99-8310-d07f3312f3e3","trumpSuit":null,"friendCards":[],"currentTrick":{"plays":[],"leadPlayerId":null,"winnerId":null,"isComplete":false,"totalPoints":0},"completedTricks":0,"callerTeamPoints":0,"opponentTeamPoints":0,"gameWinner":null}}
2025-06-21T00:11:05.033+05:30  INFO 33377 --- [try1] [ient-AsyncIO-12] _game.try1.GameIntegrationTest           : Received raw message: {"type":"BidPlaced","playerId":"d6dfcd8e-4569-4a1b-8ac0-9b4becac8310","bid":null,"nextPlayerId":null}
2025-06-21T00:11:05.034+05:30  INFO 33377 --- [try1] [lient-AsyncIO-9] _game.try1.GameIntegrationTest           : Received raw message: {"type":"GameStateUpdate","gameState":{"gameId":"DHABYC","phase":"FRIEND_SELECTION","players":[{"id":"ac23cc78-4b55-4b99-8310-d07f3312f3e3","name":"Player1","team":"UNASSIGNED","isCaller":true,"handCount":8,"hasPassed":false,"isConnected":true},{"id":"214af993-5a77-4010-8fb2-7f1eb09b95fd","name":"Player2","team":"UNASSIGNED","isCaller":false,"handCount":8,"hasPassed":true,"isConnected":true},{"id":"9209a7f7-e217-4c5f-9569-9c04536e42e5","name":"Player3","team":"UNASSIGNED","isCaller":false,"handCount":8,"hasPassed":true,"isConnected":true},{"id":"3cc89f1d-94b7-4b6a-9c19-74104d1007ae","name":"Player4","team":"UNASSIGNED","isCaller":false,"handCount":8,"hasPassed":true,"isConnected":true},{"id":"d6dfcd8e-4569-4a1b-8ac0-9b4becac8310","name":"Player5","team":"UNASSIGNED","isCaller":false,"handCount":8,"hasPassed":true,"isConnected":true}],"currentPlayerIndex":0,"bidHistory":[{"playerId":"ac23cc78-4b55-4b99-8310-d07f3312f3e3","bid":160,"timestamp":1750444863007},{"playerId":"214af993-5a77-4010-8fb2-7f1eb09b95fd","bid":null,"timestamp":1750444863511},{"playerId":"9209a7f7-e217-4c5f-9569-9c04536e42e5","bid":null,"timestamp":1750444864015},{"playerId":"3cc89f1d-94b7-4b6a-9c19-74104d1007ae","bid":null,"timestamp":1750444864519},{"playerId":"d6dfcd8e-4569-4a1b-8ac0-9b4becac8310","bid":null,"timestamp":1750444865027}],"winningBid":160,"callerId":"ac23cc78-4b55-4b99-8310-d07f3312f3e3","trumpSuit":null,"friendCards":[],"currentTrick":{"plays":[],"leadPlayerId":null,"winnerId":null,"isComplete":false,"totalPoints":0},"completedTricks":0,"callerTeamPoints":0,"opponentTeamPoints":0,"gameWinner":null}}
2025-06-21T00:11:05.034+05:30  INFO 33377 --- [try1] [ient-AsyncIO-11] _game.try1.GameIntegrationTest           : Received raw message: {"type":"BidPlaced","playerId":"d6dfcd8e-4569-4a1b-8ac0-9b4becac8310","bid":null,"nextPlayerId":null}
2025-06-21T00:11:05.035+05:30  INFO 33377 --- [try1] [ient-AsyncIO-13] _game.try1.GameIntegrationTest           : Received raw message: {"type":"BidPlaced","playerId":"d6dfcd8e-4569-4a1b-8ac0-9b4becac8310","bid":null,"nextPlayerId":null}
2025-06-21T00:11:05.035+05:30  INFO 33377 --- [try1] [ient-AsyncIO-11] _game.try1.GameIntegrationTest           : Received raw message: {"type":"GameStateUpdate","gameState":{"gameId":"DHABYC","phase":"FRIEND_SELECTION","players":[{"id":"ac23cc78-4b55-4b99-8310-d07f3312f3e3","name":"Player1","team":"UNASSIGNED","isCaller":true,"handCount":8,"hasPassed":false,"isConnected":true},{"id":"214af993-5a77-4010-8fb2-7f1eb09b95fd","name":"Player2","team":"UNASSIGNED","isCaller":false,"handCount":8,"hasPassed":true,"isConnected":true},{"id":"9209a7f7-e217-4c5f-9569-9c04536e42e5","name":"Player3","team":"UNASSIGNED","isCaller":false,"handCount":8,"hasPassed":true,"isConnected":true},{"id":"3cc89f1d-94b7-4b6a-9c19-74104d1007ae","name":"Player4","team":"UNASSIGNED","isCaller":false,"handCount":8,"hasPassed":true,"isConnected":true},{"id":"d6dfcd8e-4569-4a1b-8ac0-9b4becac8310","name":"Player5","team":"UNASSIGNED","isCaller":false,"handCount":8,"hasPassed":true,"isConnected":true}],"currentPlayerIndex":0,"bidHistory":[{"playerId":"ac23cc78-4b55-4b99-8310-d07f3312f3e3","bid":160,"timestamp":1750444863007},{"playerId":"214af993-5a77-4010-8fb2-7f1eb09b95fd","bid":null,"timestamp":1750444863511},{"playerId":"9209a7f7-e217-4c5f-9569-9c04536e42e5","bid":null,"timestamp":1750444864015},{"playerId":"3cc89f1d-94b7-4b6a-9c19-74104d1007ae","bid":null,"timestamp":1750444864519},{"playerId":"d6dfcd8e-4569-4a1b-8ac0-9b4becac8310","bid":null,"timestamp":1750444865027}],"winningBid":160,"callerId":"ac23cc78-4b55-4b99-8310-d07f3312f3e3","trumpSuit":null,"friendCards":[],"currentTrick":{"plays":[],"leadPlayerId":null,"winnerId":null,"isComplete":false,"totalPoints":0},"completedTricks":0,"callerTeamPoints":0,"opponentTeamPoints":0,"gameWinner":null}}
2025-06-21T00:11:05.035+05:30  INFO 33377 --- [try1] [ient-AsyncIO-12] _game.try1.GameIntegrationTest           : Received raw message: {"type":"GameStateUpdate","gameState":{"gameId":"DHABYC","phase":"FRIEND_SELECTION","players":[{"id":"ac23cc78-4b55-4b99-8310-d07f3312f3e3","name":"Player1","team":"UNASSIGNED","isCaller":true,"handCount":8,"hasPassed":false,"isConnected":true},{"id":"214af993-5a77-4010-8fb2-7f1eb09b95fd","name":"Player2","team":"UNASSIGNED","isCaller":false,"handCount":8,"hasPassed":true,"isConnected":true},{"id":"9209a7f7-e217-4c5f-9569-9c04536e42e5","name":"Player3","team":"UNASSIGNED","isCaller":false,"handCount":8,"hasPassed":true,"isConnected":true},{"id":"3cc89f1d-94b7-4b6a-9c19-74104d1007ae","name":"Player4","team":"UNASSIGNED","isCaller":false,"handCount":8,"hasPassed":true,"isConnected":true},{"id":"d6dfcd8e-4569-4a1b-8ac0-9b4becac8310","name":"Player5","team":"UNASSIGNED","isCaller":false,"handCount":8,"hasPassed":true,"isConnected":true}],"currentPlayerIndex":0,"bidHistory":[{"playerId":"ac23cc78-4b55-4b99-8310-d07f3312f3e3","bid":160,"timestamp":1750444863007},{"playerId":"214af993-5a77-4010-8fb2-7f1eb09b95fd","bid":null,"timestamp":1750444863511},{"playerId":"9209a7f7-e217-4c5f-9569-9c04536e42e5","bid":null,"timestamp":1750444864015},{"playerId":"3cc89f1d-94b7-4b6a-9c19-74104d1007ae","bid":null,"timestamp":1750444864519},{"playerId":"d6dfcd8e-4569-4a1b-8ac0-9b4becac8310","bid":null,"timestamp":1750444865027}],"winningBid":160,"callerId":"ac23cc78-4b55-4b99-8310-d07f3312f3e3","trumpSuit":null,"friendCards":[],"currentTrick":{"plays":[],"leadPlayerId":null,"winnerId":null,"isComplete":false,"totalPoints":0},"completedTricks":0,"callerTeamPoints":0,"opponentTeamPoints":0,"gameWinner":null}}
2025-06-21T00:11:05.036+05:30  INFO 33377 --- [try1] [ient-AsyncIO-13] _game.try1.GameIntegrationTest           : Received raw message: {"type":"GameStateUpdate","gameState":{"gameId":"DHABYC","phase":"FRIEND_SELECTION","players":[{"id":"ac23cc78-4b55-4b99-8310-d07f3312f3e3","name":"Player1","team":"UNASSIGNED","isCaller":true,"handCount":8,"hasPassed":false,"isConnected":true},{"id":"214af993-5a77-4010-8fb2-7f1eb09b95fd","name":"Player2","team":"UNASSIGNED","isCaller":false,"handCount":8,"hasPassed":true,"isConnected":true},{"id":"9209a7f7-e217-4c5f-9569-9c04536e42e5","name":"Player3","team":"UNASSIGNED","isCaller":false,"handCount":8,"hasPassed":true,"isConnected":true},{"id":"3cc89f1d-94b7-4b6a-9c19-74104d1007ae","name":"Player4","team":"UNASSIGNED","isCaller":false,"handCount":8,"hasPassed":true,"isConnected":true},{"id":"d6dfcd8e-4569-4a1b-8ac0-9b4becac8310","name":"Player5","team":"UNASSIGNED","isCaller":false,"handCount":8,"hasPassed":true,"isConnected":true}],"currentPlayerIndex":0,"bidHistory":[{"playerId":"ac23cc78-4b55-4b99-8310-d07f3312f3e3","bid":160,"timestamp":1750444863007},{"playerId":"214af993-5a77-4010-8fb2-7f1eb09b95fd","bid":null,"timestamp":1750444863511},{"playerId":"9209a7f7-e217-4c5f-9569-9c04536e42e5","bid":null,"timestamp":1750444864015},{"playerId":"3cc89f1d-94b7-4b6a-9c19-74104d1007ae","bid":null,"timestamp":1750444864519},{"playerId":"d6dfcd8e-4569-4a1b-8ac0-9b4becac8310","bid":null,"timestamp":1750444865027}],"winningBid":160,"callerId":"ac23cc78-4b55-4b99-8310-d07f3312f3e3","trumpSuit":null,"friendCards":[],"currentTrick":{"plays":[],"leadPlayerId":null,"winnerId":null,"isComplete":false,"totalPoints":0},"completedTricks":0,"callerTeamPoints":0,"opponentTeamPoints":0,"gameWinner":null}}
2025-06-21T00:11:06.534+05:30  INFO 33377 --- [try1] [           main] _game.try1.GameIntegrationTest           : Game phase after bidding: FRIEND_SELECTION
2025-06-21T00:11:06.535+05:30  INFO 33377 --- [try1] [           main] _game.try1.GameIntegrationTest           : Caller ID: ac23cc78-4b55-4b99-8310-d07f3312f3e3
2025-06-21T00:11:06.537+05:30  INFO 33377 --- [try1] [           main] _game.try1.GameIntegrationTest           : Caller (Player 1) selecting trump suit: SPADES
2025-06-21T00:11:06.560+05:30  INFO 33377 --- [try1] [lient-AsyncIO-3] _game.try1.GameIntegrationTest           : Received raw message: {"type":"GameStateUpdate","gameState":{"gameId":"DHABYC","phase":"FRIEND_SELECTION","players":[{"id":"ac23cc78-4b55-4b99-8310-d07f3312f3e3","name":"Player1","team":"UNASSIGNED","isCaller":true,"handCount":8,"hasPassed":false,"isConnected":true},{"id":"214af993-5a77-4010-8fb2-7f1eb09b95fd","name":"Player2","team":"UNASSIGNED","isCaller":false,"handCount":8,"hasPassed":true,"isConnected":true},{"id":"9209a7f7-e217-4c5f-9569-9c04536e42e5","name":"Player3","team":"UNASSIGNED","isCaller":false,"handCount":8,"hasPassed":true,"isConnected":true},{"id":"3cc89f1d-94b7-4b6a-9c19-74104d1007ae","name":"Player4","team":"UNASSIGNED","isCaller":false,"handCount":8,"hasPassed":true,"isConnected":true},{"id":"d6dfcd8e-4569-4a1b-8ac0-9b4becac8310","name":"Player5","team":"UNASSIGNED","isCaller":false,"handCount":8,"hasPassed":true,"isConnected":true}],"currentPlayerIndex":0,"bidHistory":[{"playerId":"ac23cc78-4b55-4b99-8310-d07f3312f3e3","bid":160,"timestamp":1750444863007},{"playerId":"214af993-5a77-4010-8fb2-7f1eb09b95fd","bid":null,"timestamp":1750444863511},{"playerId":"9209a7f7-e217-4c5f-9569-9c04536e42e5","bid":null,"timestamp":1750444864015},{"playerId":"3cc89f1d-94b7-4b6a-9c19-74104d1007ae","bid":null,"timestamp":1750444864519},{"playerId":"d6dfcd8e-4569-4a1b-8ac0-9b4becac8310","bid":null,"timestamp":1750444865027}],"winningBid":160,"callerId":"ac23cc78-4b55-4b99-8310-d07f3312f3e3","trumpSuit":"SPADES","friendCards":[],"currentTrick":{"plays":[],"leadPlayerId":null,"winnerId":null,"isComplete":false,"totalPoints":0},"completedTricks":0,"callerTeamPoints":0,"opponentTeamPoints":0,"gameWinner":null}}
2025-06-21T00:11:06.560+05:30  INFO 33377 --- [try1] [lient-AsyncIO-6] _game.try1.GameIntegrationTest           : Received raw message: {"type":"GameStateUpdate","gameState":{"gameId":"DHABYC","phase":"FRIEND_SELECTION","players":[{"id":"ac23cc78-4b55-4b99-8310-d07f3312f3e3","name":"Player1","team":"UNASSIGNED","isCaller":true,"handCount":8,"hasPassed":false,"isConnected":true},{"id":"214af993-5a77-4010-8fb2-7f1eb09b95fd","name":"Player2","team":"UNASSIGNED","isCaller":false,"handCount":8,"hasPassed":true,"isConnected":true},{"id":"9209a7f7-e217-4c5f-9569-9c04536e42e5","name":"Player3","team":"UNASSIGNED","isCaller":false,"handCount":8,"hasPassed":true,"isConnected":true},{"id":"3cc89f1d-94b7-4b6a-9c19-74104d1007ae","name":"Player4","team":"UNASSIGNED","isCaller":false,"handCount":8,"hasPassed":true,"isConnected":true},{"id":"d6dfcd8e-4569-4a1b-8ac0-9b4becac8310","name":"Player5","team":"UNASSIGNED","isCaller":false,"handCount":8,"hasPassed":true,"isConnected":true}],"currentPlayerIndex":0,"bidHistory":[{"playerId":"ac23cc78-4b55-4b99-8310-d07f3312f3e3","bid":160,"timestamp":1750444863007},{"playerId":"214af993-5a77-4010-8fb2-7f1eb09b95fd","bid":null,"timestamp":1750444863511},{"playerId":"9209a7f7-e217-4c5f-9569-9c04536e42e5","bid":null,"timestamp":1750444864015},{"playerId":"3cc89f1d-94b7-4b6a-9c19-74104d1007ae","bid":null,"timestamp":1750444864519},{"playerId":"d6dfcd8e-4569-4a1b-8ac0-9b4becac8310","bid":null,"timestamp":1750444865027}],"winningBid":160,"callerId":"ac23cc78-4b55-4b99-8310-d07f3312f3e3","trumpSuit":"SPADES","friendCards":[],"currentTrick":{"plays":[],"leadPlayerId":null,"winnerId":null,"isComplete":false,"totalPoints":0},"completedTricks":0,"callerTeamPoints":0,"opponentTeamPoints":0,"gameWinner":null}}
2025-06-21T00:11:06.560+05:30  INFO 33377 --- [try1] [lient-AsyncIO-7] _game.try1.GameIntegrationTest           : Received raw message: {"type":"GameStateUpdate","gameState":{"gameId":"DHABYC","phase":"FRIEND_SELECTION","players":[{"id":"ac23cc78-4b55-4b99-8310-d07f3312f3e3","name":"Player1","team":"UNASSIGNED","isCaller":true,"handCount":8,"hasPassed":false,"isConnected":true},{"id":"214af993-5a77-4010-8fb2-7f1eb09b95fd","name":"Player2","team":"UNASSIGNED","isCaller":false,"handCount":8,"hasPassed":true,"isConnected":true},{"id":"9209a7f7-e217-4c5f-9569-9c04536e42e5","name":"Player3","team":"UNASSIGNED","isCaller":false,"handCount":8,"hasPassed":true,"isConnected":true},{"id":"3cc89f1d-94b7-4b6a-9c19-74104d1007ae","name":"Player4","team":"UNASSIGNED","isCaller":false,"handCount":8,"hasPassed":true,"isConnected":true},{"id":"d6dfcd8e-4569-4a1b-8ac0-9b4becac8310","name":"Player5","team":"UNASSIGNED","isCaller":false,"handCount":8,"hasPassed":true,"isConnected":true}],"currentPlayerIndex":0,"bidHistory":[{"playerId":"ac23cc78-4b55-4b99-8310-d07f3312f3e3","bid":160,"timestamp":1750444863007},{"playerId":"214af993-5a77-4010-8fb2-7f1eb09b95fd","bid":null,"timestamp":1750444863511},{"playerId":"9209a7f7-e217-4c5f-9569-9c04536e42e5","bid":null,"timestamp":1750444864015},{"playerId":"3cc89f1d-94b7-4b6a-9c19-74104d1007ae","bid":null,"timestamp":1750444864519},{"playerId":"d6dfcd8e-4569-4a1b-8ac0-9b4becac8310","bid":null,"timestamp":1750444865027}],"winningBid":160,"callerId":"ac23cc78-4b55-4b99-8310-d07f3312f3e3","trumpSuit":"SPADES","friendCards":[],"currentTrick":{"plays":[],"leadPlayerId":null,"winnerId":null,"isComplete":false,"totalPoints":0},"completedTricks":0,"callerTeamPoints":0,"opponentTeamPoints":0,"gameWinner":null}}
2025-06-21T00:11:06.560+05:30  INFO 33377 --- [try1] [lient-AsyncIO-5] _game.try1.GameIntegrationTest           : Received raw message: {"type":"GameStateUpdate","gameState":{"gameId":"DHABYC","phase":"FRIEND_SELECTION","players":[{"id":"ac23cc78-4b55-4b99-8310-d07f3312f3e3","name":"Player1","team":"UNASSIGNED","isCaller":true,"handCount":8,"hasPassed":false,"isConnected":true},{"id":"214af993-5a77-4010-8fb2-7f1eb09b95fd","name":"Player2","team":"UNASSIGNED","isCaller":false,"handCount":8,"hasPassed":true,"isConnected":true},{"id":"9209a7f7-e217-4c5f-9569-9c04536e42e5","name":"Player3","team":"UNASSIGNED","isCaller":false,"handCount":8,"hasPassed":true,"isConnected":true},{"id":"3cc89f1d-94b7-4b6a-9c19-74104d1007ae","name":"Player4","team":"UNASSIGNED","isCaller":false,"handCount":8,"hasPassed":true,"isConnected":true},{"id":"d6dfcd8e-4569-4a1b-8ac0-9b4becac8310","name":"Player5","team":"UNASSIGNED","isCaller":false,"handCount":8,"hasPassed":true,"isConnected":true}],"currentPlayerIndex":0,"bidHistory":[{"playerId":"ac23cc78-4b55-4b99-8310-d07f3312f3e3","bid":160,"timestamp":1750444863007},{"playerId":"214af993-5a77-4010-8fb2-7f1eb09b95fd","bid":null,"timestamp":1750444863511},{"playerId":"9209a7f7-e217-4c5f-9569-9c04536e42e5","bid":null,"timestamp":1750444864015},{"playerId":"3cc89f1d-94b7-4b6a-9c19-74104d1007ae","bid":null,"timestamp":1750444864519},{"playerId":"d6dfcd8e-4569-4a1b-8ac0-9b4becac8310","bid":null,"timestamp":1750444865027}],"winningBid":160,"callerId":"ac23cc78-4b55-4b99-8310-d07f3312f3e3","trumpSuit":"SPADES","friendCards":[],"currentTrick":{"plays":[],"leadPlayerId":null,"winnerId":null,"isComplete":false,"totalPoints":0},"completedTricks":0,"callerTeamPoints":0,"opponentTeamPoints":0,"gameWinner":null}}
2025-06-21T00:11:06.561+05:30  INFO 33377 --- [try1] [lient-AsyncIO-8] _game.try1.GameIntegrationTest           : Received raw message: {"type":"GameStateUpdate","gameState":{"gameId":"DHABYC","phase":"FRIEND_SELECTION","players":[{"id":"ac23cc78-4b55-4b99-8310-d07f3312f3e3","name":"Player1","team":"UNASSIGNED","isCaller":true,"handCount":8,"hasPassed":false,"isConnected":true},{"id":"214af993-5a77-4010-8fb2-7f1eb09b95fd","name":"Player2","team":"UNASSIGNED","isCaller":false,"handCount":8,"hasPassed":true,"isConnected":true},{"id":"9209a7f7-e217-4c5f-9569-9c04536e42e5","name":"Player3","team":"UNASSIGNED","isCaller":false,"handCount":8,"hasPassed":true,"isConnected":true},{"id":"3cc89f1d-94b7-4b6a-9c19-74104d1007ae","name":"Player4","team":"UNASSIGNED","isCaller":false,"handCount":8,"hasPassed":true,"isConnected":true},{"id":"d6dfcd8e-4569-4a1b-8ac0-9b4becac8310","name":"Player5","team":"UNASSIGNED","isCaller":false,"handCount":8,"hasPassed":true,"isConnected":true}],"currentPlayerIndex":0,"bidHistory":[{"playerId":"ac23cc78-4b55-4b99-8310-d07f3312f3e3","bid":160,"timestamp":1750444863007},{"playerId":"214af993-5a77-4010-8fb2-7f1eb09b95fd","bid":null,"timestamp":1750444863511},{"playerId":"9209a7f7-e217-4c5f-9569-9c04536e42e5","bid":null,"timestamp":1750444864015},{"playerId":"3cc89f1d-94b7-4b6a-9c19-74104d1007ae","bid":null,"timestamp":1750444864519},{"playerId":"d6dfcd8e-4569-4a1b-8ac0-9b4becac8310","bid":null,"timestamp":1750444865027}],"winningBid":160,"callerId":"ac23cc78-4b55-4b99-8310-d07f3312f3e3","trumpSuit":"SPADES","friendCards":[],"currentTrick":{"plays":[],"leadPlayerId":null,"winnerId":null,"isComplete":false,"totalPoints":0},"completedTricks":0,"callerTeamPoints":0,"opponentTeamPoints":0,"gameWinner":null}}
2025-06-21T00:11:07.056+05:30  INFO 33377 --- [try1] [           main] _game.try1.GameIntegrationTest           : Trying friend cards: HEARTS ACE, DIAMONDS KING
2025-06-21T00:11:08.073+05:30  INFO 33377 --- [try1] [           main] _game.try1.GameIntegrationTest           : Current game phase: FRIEND_SELECTION
2025-06-21T00:11:08.074+05:30  INFO 33377 --- [try1] [           main] _game.try1.GameIntegrationTest           : Trying friend cards: HEARTS ACE, CLUBS QUEEN
2025-06-21T00:11:09.078+05:30  INFO 33377 --- [try1] [           main] _game.try1.GameIntegrationTest           : Current game phase: FRIEND_SELECTION
2025-06-21T00:11:09.079+05:30  INFO 33377 --- [try1] [           main] _game.try1.GameIntegrationTest           : Trying friend cards: HEARTS ACE, DIAMONDS ACE
2025-06-21T00:11:10.086+05:30  INFO 33377 --- [try1] [           main] _game.try1.GameIntegrationTest           : Current game phase: FRIEND_SELECTION
2025-06-21T00:11:10.087+05:30  INFO 33377 --- [try1] [           main] _game.try1.GameIntegrationTest           : Trying friend cards: HEARTS ACE, CLUBS ACE
2025-06-21T00:11:11.094+05:30  INFO 33377 --- [try1] [           main] _game.try1.GameIntegrationTest           : Current game phase: FRIEND_SELECTION
2025-06-21T00:11:11.094+05:30  INFO 33377 --- [try1] [           main] _game.try1.GameIntegrationTest           : Trying friend cards: HEARTS ACE, HEARTS KING
2025-06-21T00:11:12.097+05:30  INFO 33377 --- [try1] [           main] _game.try1.GameIntegrationTest           : Current game phase: FRIEND_SELECTION
2025-06-21T00:11:12.098+05:30  INFO 33377 --- [try1] [           main] _game.try1.GameIntegrationTest           : Trying friend cards: DIAMONDS KING, CLUBS QUEEN
2025-06-21T00:11:12.123+05:30  INFO 33377 --- [try1] [lient-AsyncIO-4] _game.try1.GameIntegrationTest           : Received raw message: {"type":"GameStateUpdate","gameState":{"gameId":"DHABYC","phase":"TRICK_PLAYING","players":[{"id":"ac23cc78-4b55-4b99-8310-d07f3312f3e3","name":"Player1","team":"CALLER","isCaller":true,"handCount":8,"hasPassed":false,"isConnected":true},{"id":"214af993-5a77-4010-8fb2-7f1eb09b95fd","name":"Player2","team":"CALLER","isCaller":false,"handCount":8,"hasPassed":true,"isConnected":true},{"id":"9209a7f7-e217-4c5f-9569-9c04536e42e5","name":"Player3","team":"CALLER","isCaller":false,"handCount":8,"hasPassed":true,"isConnected":true},{"id":"3cc89f1d-94b7-4b6a-9c19-74104d1007ae","name":"Player4","team":"OPPONENT","isCaller":false,"handCount":8,"hasPassed":true,"isConnected":true},{"id":"d6dfcd8e-4569-4a1b-8ac0-9b4becac8310","name":"Player5","team":"OPPONENT","isCaller":false,"handCount":8,"hasPassed":true,"isConnected":true}],"currentPlayerIndex":0,"bidHistory":[{"playerId":"ac23cc78-4b55-4b99-8310-d07f3312f3e3","bid":160,"timestamp":1750444863007},{"playerId":"214af993-5a77-4010-8fb2-7f1eb09b95fd","bid":null,"timestamp":1750444863511},{"playerId":"9209a7f7-e217-4c5f-9569-9c04536e42e5","bid":null,"timestamp":1750444864015},{"playerId":"3cc89f1d-94b7-4b6a-9c19-74104d1007ae","bid":null,"timestamp":1750444864519},{"playerId":"d6dfcd8e-4569-4a1b-8ac0-9b4becac8310","bid":null,"timestamp":1750444865027}],"winningBid":160,"callerId":"ac23cc78-4b55-4b99-8310-d07f3312f3e3","trumpSuit":"SPADES","friendCards":[{"suit":"DIAMONDS","rank":"KING","id":"DIAMONDS_KING","points":15},{"suit":"CLUBS","rank":"QUEEN","id":"CLUBS_QUEEN","points":10}],"currentTrick":{"plays":[],"leadPlayerId":null,"winnerId":null,"isComplete":false,"totalPoints":0},"completedTricks":0,"callerTeamPoints":0,"opponentTeamPoints":0,"gameWinner":null}}
[...]
2025-06-21T00:11:20.732+05:30  INFO 33377 --- [try1] [           main] _game.try1.GameIntegrationTest           : Trick was completed! completedTricks: 1
2025-06-21T00:11:20.732+05:30  INFO 33377 --- [try1] [           main] _game.try1.GameIntegrationTest           : Played 4 cards out of 5 expected
2025-06-21T00:11:20.733+05:30  INFO 33377 --- [try1] [           main] _game.try1.GameIntegrationTest           : Checking for trick completion messages...
2025-06-21T00:11:20.733+05:30  INFO 33377 --- [try1] [           main] _game.try1.GameIntegrationTest           : Trick completed - Winner ID: 3cc89f1d-94b7-4b6a-9c19-74104d1007ae, Points: 100
2025-06-21T00:11:20.740+05:30  INFO 33377 --- [try1] [           main] _game.try1.GameIntegrationTest           : Final game state: completedTricks=1, callerPoints=0, opponentPoints=100
2025-06-21T00:11:20.741+05:30  INFO 33377 --- [try1] [           main] _game.try1.GameIntegrationTest           : Full game flow test completed successfully
]]></system-out>
  </testcase>
  <testcase name="testGameCreationAndPlayerJoining" classname="_game.try1.GameIntegrationTest" time="4.597">
    <system-out><![CDATA[2025-06-21T00:11:20.769+05:30  INFO 33377 --- [try1] [           main] _game.try1.GameIntegrationTest           : Created game with ID: GHRVEV
2025-06-21T00:11:20.794+05:30  INFO 33377 --- [try1] [           main] _game.try1.GameIntegrationTest           : Player 1 joining game
2025-06-21T00:11:20.795+05:30  INFO 33377 --- [try1] [lient-AsyncIO-4] _game.try1.GameIntegrationTest           : Received raw message: {"type":"PlayerJoined","playerId":"f9a6cd2e-95fc-4a47-948e-2f6783b7ddf0","playerName":"Player1","playerCount":1}
2025-06-21T00:11:20.795+05:30  INFO 33377 --- [try1] [lient-AsyncIO-2] _game.try1.GameIntegrationTest           : Received raw message: {"type":"PlayerJoined","playerId":"f9a6cd2e-95fc-4a47-948e-2f6783b7ddf0","playerName":"Player1","playerCount":1}
2025-06-21T00:11:20.796+05:30  INFO 33377 --- [try1] [lient-AsyncIO-6] _game.try1.GameIntegrationTest           : Received raw message: {"type":"PlayerJoined","playerId":"f9a6cd2e-95fc-4a47-948e-2f6783b7ddf0","playerName":"Player1","playerCount":1}
2025-06-21T00:11:20.796+05:30  INFO 33377 --- [try1] [lient-AsyncIO-1] _game.try1.GameIntegrationTest           : Received raw message: {"type":"PlayerJoined","playerId":"f9a6cd2e-95fc-4a47-948e-2f6783b7ddf0","playerName":"Player1","playerCount":1}
2025-06-21T00:11:20.796+05:30  INFO 33377 --- [try1] [lient-AsyncIO-7] _game.try1.GameIntegrationTest           : Received raw message: {"type":"PlayerJoined","playerId":"f9a6cd2e-95fc-4a47-948e-2f6783b7ddf0","playerName":"Player1","playerCount":1}
2025-06-21T00:11:21.100+05:30  INFO 33377 --- [try1] [           main] _game.try1.GameIntegrationTest           : Player 2 joining game
2025-06-21T00:11:21.105+05:30  INFO 33377 --- [try1] [lient-AsyncIO-8] _game.try1.GameIntegrationTest           : Received raw message: {"type":"PlayerJoined","playerId":"2c927197-9f0f-4e58-a84a-b1aacd058478","playerName":"Player2","playerCount":2}
2025-06-21T00:11:21.105+05:30  INFO 33377 --- [try1] [lient-AsyncIO-3] _game.try1.GameIntegrationTest           : Received raw message: {"type":"PlayerJoined","playerId":"2c927197-9f0f-4e58-a84a-b1aacd058478","playerName":"Player2","playerCount":2}
2025-06-21T00:11:21.106+05:30  INFO 33377 --- [try1] [ient-AsyncIO-13] _game.try1.GameIntegrationTest           : Received raw message: {"type":"PlayerJoined","playerId":"2c927197-9f0f-4e58-a84a-b1aacd058478","playerName":"Player2","playerCount":2}
2025-06-21T00:11:21.105+05:30  INFO 33377 --- [try1] [lient-AsyncIO-9] _game.try1.GameIntegrationTest           : Received raw message: {"type":"PlayerJoined","playerId":"2c927197-9f0f-4e58-a84a-b1aacd058478","playerName":"Player2","playerCount":2}
2025-06-21T00:11:21.106+05:30  INFO 33377 --- [try1] [ient-AsyncIO-11] _game.try1.GameIntegrationTest           : Received raw message: {"type":"PlayerJoined","playerId":"2c927197-9f0f-4e58-a84a-b1aacd058478","playerName":"Player2","playerCount":2}
2025-06-21T00:11:21.405+05:30  INFO 33377 --- [try1] [           main] _game.try1.GameIntegrationTest           : Player 3 joining game
2025-06-21T00:11:21.408+05:30  INFO 33377 --- [try1] [lient-AsyncIO-1] _game.try1.GameIntegrationTest           : Received raw message: {"type":"PlayerJoined","playerId":"bc4599a0-8a1b-4ade-af96-7bb18f531faa","playerName":"Player3","playerCount":3}
2025-06-21T00:11:21.408+05:30  INFO 33377 --- [try1] [lient-AsyncIO-7] _game.try1.GameIntegrationTest           : Received raw message: {"type":"PlayerJoined","playerId":"bc4599a0-8a1b-4ade-af96-7bb18f531faa","playerName":"Player3","playerCount":3}
2025-06-21T00:11:21.408+05:30  INFO 33377 --- [try1] [lient-AsyncIO-2] _game.try1.GameIntegrationTest           : Received raw message: {"type":"PlayerJoined","playerId":"bc4599a0-8a1b-4ade-af96-7bb18f531faa","playerName":"Player3","playerCount":3}
2025-06-21T00:11:21.408+05:30  INFO 33377 --- [try1] [lient-AsyncIO-9] _game.try1.GameIntegrationTest           : Received raw message: {"type":"PlayerJoined","playerId":"bc4599a0-8a1b-4ade-af96-7bb18f531faa","playerName":"Player3","playerCount":3}
2025-06-21T00:11:21.408+05:30  INFO 33377 --- [try1] [ient-AsyncIO-11] _game.try1.GameIntegrationTest           : Received raw message: {"type":"PlayerJoined","playerId":"bc4599a0-8a1b-4ade-af96-7bb18f531faa","playerName":"Player3","playerCount":3}
2025-06-21T00:11:21.711+05:30  INFO 33377 --- [try1] [           main] _game.try1.GameIntegrationTest           : Player 4 joining game
2025-06-21T00:11:21.717+05:30  INFO 33377 --- [try1] [lient-AsyncIO-6] _game.try1.GameIntegrationTest           : Received raw message: {"type":"PlayerJoined","playerId":"c42e8bef-6520-4020-acf6-35b43f9229d2","playerName":"Player4","playerCount":4}
2025-06-21T00:11:21.717+05:30  INFO 33377 --- [try1] [lient-AsyncIO-5] _game.try1.GameIntegrationTest           : Received raw message: {"type":"PlayerJoined","playerId":"c42e8bef-6520-4020-acf6-35b43f9229d2","playerName":"Player4","playerCount":4}
2025-06-21T00:11:21.717+05:30  INFO 33377 --- [try1] [lient-AsyncIO-8] _game.try1.GameIntegrationTest           : Received raw message: {"type":"PlayerJoined","playerId":"c42e8bef-6520-4020-acf6-35b43f9229d2","playerName":"Player4","playerCount":4}
2025-06-21T00:11:21.717+05:30  INFO 33377 --- [try1] [lient-AsyncIO-3] _game.try1.GameIntegrationTest           : Received raw message: {"type":"PlayerJoined","playerId":"c42e8bef-6520-4020-acf6-35b43f9229d2","playerName":"Player4","playerCount":4}
2025-06-21T00:11:21.717+05:30  INFO 33377 --- [try1] [lient-AsyncIO-4] _game.try1.GameIntegrationTest           : Received raw message: {"type":"PlayerJoined","playerId":"c42e8bef-6520-4020-acf6-35b43f9229d2","playerName":"Player4","playerCount":4}
2025-06-21T00:11:22.018+05:30  INFO 33377 --- [try1] [           main] _game.try1.GameIntegrationTest           : Player 5 joining game
2025-06-21T00:11:22.024+05:30  INFO 33377 --- [try1] [lient-AsyncIO-9] _game.try1.GameIntegrationTest           : Received raw message: {"type":"PlayerJoined","playerId":"721cfd9e-bfb2-4a83-9644-99be5505ec64","playerName":"Player5","playerCount":5}
2025-06-21T00:11:22.024+05:30  INFO 33377 --- [try1] [ient-AsyncIO-13] _game.try1.GameIntegrationTest           : Received raw message: {"type":"PlayerJoined","playerId":"721cfd9e-bfb2-4a83-9644-99be5505ec64","playerName":"Player5","playerCount":5}
2025-06-21T00:11:22.024+05:30  INFO 33377 --- [try1] [lient-AsyncIO-9] _game.try1.GameIntegrationTest           : Received raw message: {"type":"GameStateUpdate","gameState":{"gameId":"GHRVEV","phase":"BIDDING","players":[{"id":"f9a6cd2e-95fc-4a47-948e-2f6783b7ddf0","name":"Player1","team":"UNASSIGNED","isCaller":false,"handCount":4,"hasPassed":false,"isConnected":true},{"id":"2c927197-9f0f-4e58-a84a-b1aacd058478","name":"Player2","team":"UNASSIGNED","isCaller":false,"handCount":4,"hasPassed":false,"isConnected":true},{"id":"bc4599a0-8a1b-4ade-af96-7bb18f531faa","name":"Player3","team":"UNASSIGNED","isCaller":false,"handCount":4,"hasPassed":false,"isConnected":true},{"id":"c42e8bef-6520-4020-acf6-35b43f9229d2","name":"Player4","team":"UNASSIGNED","isCaller":false,"handCount":4,"hasPassed":false,"isConnected":true},{"id":"721cfd9e-bfb2-4a83-9644-99be5505ec64","name":"Player5","team":"UNASSIGNED","isCaller":false,"handCount":4,"hasPassed":false,"isConnected":true}],"currentPlayerIndex":0,"bidHistory":[],"winningBid":0,"callerId":null,"trumpSuit":null,"friendCards":[],"currentTrick":{"plays":[],"leadPlayerId":null,"winnerId":null,"isComplete":false,"totalPoints":0},"completedTricks":0,"callerTeamPoints":0,"opponentTeamPoints":0,"gameWinner":null}}
2025-06-21T00:11:22.024+05:30  INFO 33377 --- [try1] [ient-AsyncIO-13] _game.try1.GameIntegrationTest           : Received raw message: {"type":"GameStateUpdate","gameState":{"gameId":"GHRVEV","phase":"BIDDING","players":[{"id":"f9a6cd2e-95fc-4a47-948e-2f6783b7ddf0","name":"Player1","team":"UNASSIGNED","isCaller":false,"handCount":4,"hasPassed":false,"isConnected":true},{"id":"2c927197-9f0f-4e58-a84a-b1aacd058478","name":"Player2","team":"UNASSIGNED","isCaller":false,"handCount":4,"hasPassed":false,"isConnected":true},{"id":"bc4599a0-8a1b-4ade-af96-7bb18f531faa","name":"Player3","team":"UNASSIGNED","isCaller":false,"handCount":4,"hasPassed":false,"isConnected":true},{"id":"c42e8bef-6520-4020-acf6-35b43f9229d2","name":"Player4","team":"UNASSIGNED","isCaller":false,"handCount":4,"hasPassed":false,"isConnected":true},{"id":"721cfd9e-bfb2-4a83-9644-99be5505ec64","name":"Player5","team":"UNASSIGNED","isCaller":false,"handCount":4,"hasPassed":false,"isConnected":true}],"currentPlayerIndex":0,"bidHistory":[],"winningBid":0,"callerId":null,"trumpSuit":null,"friendCards":[],"currentTrick":{"plays":[],"leadPlayerId":null,"winnerId":null,"isComplete":false,"totalPoints":0},"completedTricks":0,"callerTeamPoints":0,"opponentTeamPoints":0,"gameWinner":null}}
2025-06-21T00:11:22.025+05:30  INFO 33377 --- [try1] [ient-AsyncIO-12] _game.try1.GameIntegrationTest           : Received raw message: {"type":"PlayerJoined","playerId":"721cfd9e-bfb2-4a83-9644-99be5505ec64","playerName":"Player5","playerCount":5}
2025-06-21T00:11:22.025+05:30  INFO 33377 --- [try1] [ient-AsyncIO-12] _game.try1.GameIntegrationTest           : Received raw message: {"type":"GameStateUpdate","gameState":{"gameId":"GHRVEV","phase":"BIDDING","players":[{"id":"f9a6cd2e-95fc-4a47-948e-2f6783b7ddf0","name":"Player1","team":"UNASSIGNED","isCaller":false,"handCount":4,"hasPassed":false,"isConnected":true},{"id":"2c927197-9f0f-4e58-a84a-b1aacd058478","name":"Player2","team":"UNASSIGNED","isCaller":false,"handCount":4,"hasPassed":false,"isConnected":true},{"id":"bc4599a0-8a1b-4ade-af96-7bb18f531faa","name":"Player3","team":"UNASSIGNED","isCaller":false,"handCount":4,"hasPassed":false,"isConnected":true},{"id":"c42e8bef-6520-4020-acf6-35b43f9229d2","name":"Player4","team":"UNASSIGNED","isCaller":false,"handCount":4,"hasPassed":false,"isConnected":true},{"id":"721cfd9e-bfb2-4a83-9644-99be5505ec64","name":"Player5","team":"UNASSIGNED","isCaller":false,"handCount":4,"hasPassed":false,"isConnected":true}],"currentPlayerIndex":0,"bidHistory":[],"winningBid":0,"callerId":null,"trumpSuit":null,"friendCards":[],"currentTrick":{"plays":[],"leadPlayerId":null,"winnerId":null,"isComplete":false,"totalPoints":0},"completedTricks":0,"callerTeamPoints":0,"opponentTeamPoints":0,"gameWinner":null}}
2025-06-21T00:11:22.025+05:30  INFO 33377 --- [try1] [lient-AsyncIO-1] _game.try1.GameIntegrationTest           : Received raw message: {"type":"PlayerJoined","playerId":"721cfd9e-bfb2-4a83-9644-99be5505ec64","playerName":"Player5","playerCount":5}
2025-06-21T00:11:22.026+05:30  INFO 33377 --- [try1] [lient-AsyncIO-1] _game.try1.GameIntegrationTest           : Received raw message: {"type":"GameStateUpdate","gameState":{"gameId":"GHRVEV","phase":"BIDDING","players":[{"id":"f9a6cd2e-95fc-4a47-948e-2f6783b7ddf0","name":"Player1","team":"UNASSIGNED","isCaller":false,"handCount":4,"hasPassed":false,"isConnected":true},{"id":"2c927197-9f0f-4e58-a84a-b1aacd058478","name":"Player2","team":"UNASSIGNED","isCaller":false,"handCount":4,"hasPassed":false,"isConnected":true},{"id":"bc4599a0-8a1b-4ade-af96-7bb18f531faa","name":"Player3","team":"UNASSIGNED","isCaller":false,"handCount":4,"hasPassed":false,"isConnected":true},{"id":"c42e8bef-6520-4020-acf6-35b43f9229d2","name":"Player4","team":"UNASSIGNED","isCaller":false,"handCount":4,"hasPassed":false,"isConnected":true},{"id":"721cfd9e-bfb2-4a83-9644-99be5505ec64","name":"Player5","team":"UNASSIGNED","isCaller":false,"handCount":4,"hasPassed":false,"isConnected":true}],"currentPlayerIndex":0,"bidHistory":[],"winningBid":0,"callerId":null,"trumpSuit":null,"friendCards":[],"currentTrick":{"plays":[],"leadPlayerId":null,"winnerId":null,"isComplete":false,"totalPoints":0},"completedTricks":0,"callerTeamPoints":0,"opponentTeamPoints":0,"gameWinner":null}}
2025-06-21T00:11:22.024+05:30  INFO 33377 --- [try1] [ient-AsyncIO-11] _game.try1.GameIntegrationTest           : Received raw message: {"type":"PlayerJoined","playerId":"721cfd9e-bfb2-4a83-9644-99be5505ec64","playerName":"Player5","playerCount":5}
2025-06-21T00:11:22.027+05:30  INFO 33377 --- [try1] [ient-AsyncIO-11] _game.try1.GameIntegrationTest           : Received raw message: {"type":"GameStateUpdate","gameState":{"gameId":"GHRVEV","phase":"BIDDING","players":[{"id":"f9a6cd2e-95fc-4a47-948e-2f6783b7ddf0","name":"Player1","team":"UNASSIGNED","isCaller":false,"handCount":4,"hasPassed":false,"isConnected":true},{"id":"2c927197-9f0f-4e58-a84a-b1aacd058478","name":"Player2","team":"UNASSIGNED","isCaller":false,"handCount":4,"hasPassed":false,"isConnected":true},{"id":"bc4599a0-8a1b-4ade-af96-7bb18f531faa","name":"Player3","team":"UNASSIGNED","isCaller":false,"handCount":4,"hasPassed":false,"isConnected":true},{"id":"c42e8bef-6520-4020-acf6-35b43f9229d2","name":"Player4","team":"UNASSIGNED","isCaller":false,"handCount":4,"hasPassed":false,"isConnected":true},{"id":"721cfd9e-bfb2-4a83-9644-99be5505ec64","name":"Player5","team":"UNASSIGNED","isCaller":false,"handCount":4,"hasPassed":false,"isConnected":true}],"currentPlayerIndex":0,"bidHistory":[],"winningBid":0,"callerId":null,"trumpSuit":null,"friendCards":[],"currentTrick":{"plays":[],"leadPlayerId":null,"winnerId":null,"isComplete":false,"totalPoints":0},"completedTricks":0,"callerTeamPoints":0,"opponentTeamPoints":0,"gameWinner":null}}
2025-06-21T00:11:25.331+05:30  INFO 33377 --- [try1] [           main] _game.try1.GameIntegrationTest           : Player 1 received 6 messages
2025-06-21T00:11:25.333+05:30  INFO 33377 --- [try1] [           main] _game.try1.GameIntegrationTest           : Player 1 message type: LinkedHashMap
2025-06-21T00:11:25.333+05:30  INFO 33377 --- [try1] [           main] _game.try1.GameIntegrationTest           : Player 1 message type: LinkedHashMap
2025-06-21T00:11:25.333+05:30  INFO 33377 --- [try1] [           main] _game.try1.GameIntegrationTest           : Player 1 message type: LinkedHashMap
2025-06-21T00:11:25.333+05:30  INFO 33377 --- [try1] [           main] _game.try1.GameIntegrationTest           : Player 1 message type: LinkedHashMap
2025-06-21T00:11:25.333+05:30  INFO 33377 --- [try1] [           main] _game.try1.GameIntegrationTest           : Player 1 message type: LinkedHashMap
2025-06-21T00:11:25.333+05:30  INFO 33377 --- [try1] [           main] _game.try1.GameIntegrationTest           : Player 1 message type: LinkedHashMap
2025-06-21T00:11:25.333+05:30  INFO 33377 --- [try1] [           main] _game.try1.GameIntegrationTest           : Player 2 received 6 messages
2025-06-21T00:11:25.333+05:30  INFO 33377 --- [try1] [           main] _game.try1.GameIntegrationTest           : Player 2 message type: LinkedHashMap
2025-06-21T00:11:25.333+05:30  INFO 33377 --- [try1] [           main] _game.try1.GameIntegrationTest           : Player 2 message type: LinkedHashMap
2025-06-21T00:11:25.333+05:30  INFO 33377 --- [try1] [           main] _game.try1.GameIntegrationTest           : Player 2 message type: LinkedHashMap
2025-06-21T00:11:25.334+05:30  INFO 33377 --- [try1] [           main] _game.try1.GameIntegrationTest           : Player 2 message type: LinkedHashMap
2025-06-21T00:11:25.334+05:30  INFO 33377 --- [try1] [           main] _game.try1.GameIntegrationTest           : Player 2 message type: LinkedHashMap
2025-06-21T00:11:25.334+05:30  INFO 33377 --- [try1] [           main] _game.try1.GameIntegrationTest           : Player 2 message type: LinkedHashMap
2025-06-21T00:11:25.334+05:30  INFO 33377 --- [try1] [           main] _game.try1.GameIntegrationTest           : Player 3 received 6 messages
2025-06-21T00:11:25.334+05:30  INFO 33377 --- [try1] [           main] _game.try1.GameIntegrationTest           : Player 3 message type: LinkedHashMap
2025-06-21T00:11:25.334+05:30  INFO 33377 --- [try1] [           main] _game.try1.GameIntegrationTest           : Player 3 message type: LinkedHashMap
2025-06-21T00:11:25.334+05:30  INFO 33377 --- [try1] [           main] _game.try1.GameIntegrationTest           : Player 3 message type: LinkedHashMap
2025-06-21T00:11:25.334+05:30  INFO 33377 --- [try1] [           main] _game.try1.GameIntegrationTest           : Player 3 message type: LinkedHashMap
2025-06-21T00:11:25.334+05:30  INFO 33377 --- [try1] [           main] _game.try1.GameIntegrationTest           : Player 3 message type: LinkedHashMap
2025-06-21T00:11:25.334+05:30  INFO 33377 --- [try1] [           main] _game.try1.GameIntegrationTest           : Player 3 message type: LinkedHashMap
2025-06-21T00:11:25.334+05:30  INFO 33377 --- [try1] [           main] _game.try1.GameIntegrationTest           : Player 4 received 6 messages
2025-06-21T00:11:25.334+05:30  INFO 33377 --- [try1] [           main] _game.try1.GameIntegrationTest           : Player 4 message type: LinkedHashMap
2025-06-21T00:11:25.334+05:30  INFO 33377 --- [try1] [           main] _game.try1.GameIntegrationTest           : Player 4 message type: LinkedHashMap
2025-06-21T00:11:25.334+05:30  INFO 33377 --- [try1] [           main] _game.try1.GameIntegrationTest           : Player 4 message type: LinkedHashMap
2025-06-21T00:11:25.334+05:30  INFO 33377 --- [try1] [           main] _game.try1.GameIntegrationTest           : Player 4 message type: LinkedHashMap
2025-06-21T00:11:25.334+05:30  INFO 33377 --- [try1] [           main] _game.try1.GameIntegrationTest           : Player 4 message type: LinkedHashMap
2025-06-21T00:11:25.334+05:30  INFO 33377 --- [try1] [           main] _game.try1.GameIntegrationTest           : Player 4 message type: LinkedHashMap
2025-06-21T00:11:25.334+05:30  INFO 33377 --- [try1] [           main] _game.try1.GameIntegrationTest           : Player 5 received 6 messages
2025-06-21T00:11:25.334+05:30  INFO 33377 --- [try1] [           main] _game.try1.GameIntegrationTest           : Player 5 message type: LinkedHashMap
2025-06-21T00:11:25.334+05:30  INFO 33377 --- [try1] [           main] _game.try1.GameIntegrationTest           : Player 5 message type: LinkedHashMap
2025-06-21T00:11:25.335+05:30  INFO 33377 --- [try1] [           main] _game.try1.GameIntegrationTest           : Player 5 message type: LinkedHashMap
2025-06-21T00:11:25.335+05:30  INFO 33377 --- [try1] [           main] _game.try1.GameIntegrationTest           : Player 5 message type: LinkedHashMap
2025-06-21T00:11:25.335+05:30  INFO 33377 --- [try1] [           main] _game.try1.GameIntegrationTest           : Player 5 message type: LinkedHashMap
2025-06-21T00:11:25.335+05:30  INFO 33377 --- [try1] [           main] _game.try1.GameIntegrationTest           : Player 5 message type: LinkedHashMap
2025-06-21T00:11:25.347+05:30  INFO 33377 --- [try1] [           main] _game.try1.GameIntegrationTest           : 5 players received messages
]]></system-out>
  </testcase>
</testsuite>