<?xml version="1.0" encoding="UTF-8"?>
<testsuite xmlns:xsi="http://www.w3.org/2001/XMLSchema-instance" xsi:noNamespaceSchemaLocation="https://maven.apache.org/surefire/maven-surefire-plugin/xsd/surefire-test-report.xsd" version="3.0.2" name="_game.try1.Try1ApplicationTests" time="3.626" tests="1" errors="0" skipped="0" failures="0">
  <properties>
[...]
</properties>
  <testcase name="contextLoads" classname="_game.try1.Try1ApplicationTests" time="0.663">
    <system-out><![CDATA[00:10:56.377 [main] INFO org.springframework.test.context.support.AnnotationConfigContextLoaderUtils -- Could not detect default configuration classes for test class [_game.try1.Try1ApplicationTests]: Try1ApplicationTests does not declare any static, non-private, non-final, nested classes annotated with @Configuration.
00:10:56.524 [main] INFO org.springframework.boot.test.context.SpringBootTestContextBootstrapper -- Found @SpringBootConfiguration _game.try1.Try1Application for test class _game.try1.Try1ApplicationTests
00:10:56.707 [main] INFO org.springframework.boot.devtools.restart.RestartApplicationListener -- Restart disabled due to context in which it is running

  .   ____          _            __ _ _
 /\\ / ___'_ __ _ _(_)_ __  __ _ \ \ \ \
( ( )\___ | '_ | '_| | '_ \/ _` | \ \ \ \
 \\/  ___)| |_)| | | | | || (_| |  ) ) ) )
  '  |____| .__|_| |_|_| |_\__, | / / / /
 =========|_|==============|___/=/_/_/_/

 :: Spring Boot ::                (v3.5.0)

2025-06-21T00:10:57.052+05:30  INFO 33377 --- [try1] [           main] _game.try1.Try1ApplicationTests          : Starting Try1ApplicationTests using Java 21.0.7 with PID 33377 (started by amishkakru in /Users/amishkakru/Downloads/try1)
2025-06-21T00:10:57.054+05:30  INFO 33377 --- [try1] [           main] _game.try1.Try1ApplicationTests          : No active profile set, falling back to 1 default profile: "default"
2025-06-21T00:10:57.844+05:30  INFO 33377 --- [try1] [           main] .s.d.r.c.RepositoryConfigurationDelegate : Bootstrapping Spring Data JPA repositories in DEFAULT mode.
2025-06-21T00:10:57.860+05:30  INFO 33377 --- [try1] [           main] .s.d.r.c.RepositoryConfigurationDelegate : Finished Spring Data repository scanning in 9 ms. Found 0 JPA repository interfaces.
2025-06-21T00:10:58.070+05:30  INFO 33377 --- [try1] [           main] com.zaxxer.hikari.HikariDataSource       : HikariPool-1 - Starting...
2025-06-21T00:10:58.152+05:30  INFO 33377 --- [try1] [           main] com.zaxxer.hikari.pool.HikariPool        : HikariPool-1 - Added connection conn0: url=jdbc:h2:mem:3f78ab92-0b36-408b-8896-a96fc08aba2d user=SA
2025-06-21T00:10:58.157+05:30  INFO 33377 --- [try1] [           main] com.zaxxer.hikari.HikariDataSource       : HikariPool-1 - Start completed.
2025-06-21T00:10:58.179+05:30  INFO 33377 --- [try1] [           main] o.hibernate.jpa.internal.util.LogHelper  : HHH000204: Processing PersistenceUnitInfo [name: default]
2025-06-21T00:10:58.212+05:30  INFO 33377 --- [try1] [           main] org.hibernate.Version                    : HHH000412: Hibernate ORM core version 6.6.15.Final
2025-06-21T00:10:58.227+05:30  INFO 33377 --- [try1] [           main] o.h.c.internal.RegionFactoryInitiator    : HHH000026: Second-level cache disabled
2025-06-21T00:10:58.346+05:30  INFO 33377 --- [try1] [           main] o.s.o.j.p.SpringPersistenceUnitInfo      : No LoadTimeWeaver setup: ignoring JPA class transformer
2025-06-21T00:10:58.379+05:30  INFO 33377 --- [try1] [           main] org.hibernate.orm.connections.pooling    : HHH10001005: Database info:
	Database JDBC URL [Connecting through datasource 'HikariDataSource (HikariPool-1)']
	Database driver: undefined/unknown
	Database version: 2.3.232
	Autocommit mode: undefined/unknown
	Isolation level: undefined/unknown
	Minimum pool size: undefined/unknown
	Maximum pool size: undefined/unknown
2025-06-21T00:10:58.528+05:30  INFO 33377 --- [try1] [           main] o.h.e.t.j.p.i.JtaPlatformInitiator       : HHH000489: No JTA platform available (set 'hibernate.transaction.jta.platform' to enable JTA platform integration)
2025-06-21T00:10:58.530+05:30  INFO 33377 --- [try1] [           main] j.LocalContainerEntityManagerFactoryBean : Initialized JPA EntityManagerFactory for persistence unit 'default'
2025-06-21T00:10:58.635+05:30  WARN 33377 --- [try1] [           main] JpaBaseConfiguration$JpaWebConfiguration : spring.jpa.open-in-view is enabled by default. Therefore, database queries may be performed during view rendering. Explicitly configure spring.jpa.open-in-view to disable this warning
2025-06-21T00:10:58.927+05:30  INFO 33377 --- [try1] [           main] o.s.m.s.b.SimpleBrokerMessageHandler     : Starting...
2025-06-21T00:10:58.927+05:30  INFO 33377 --- [try1] [           main] o.s.m.s.b.SimpleBrokerMessageHandler     : BrokerAvailabilityEvent[available=true, SimpleBrokerMessageHandler [org.springframework.messaging.simp.broker.DefaultSubscriptionRegistry@4b1b2255]]
2025-06-21T00:10:58.928+05:30  INFO 33377 --- [try1] [           main] o.s.m.s.b.SimpleBrokerMessageHandler     : Started.
2025-06-21T00:10:58.951+05:30  INFO 33377 --- [try1] [           main] _game.try1.Try1ApplicationTests          : Started Try1ApplicationTests in 2.254 seconds (process running for 3.464)
]]></system-out>
    <system-err><![CDATA[Mockito is currently self-attaching to enable the inline-mock-maker. This will no longer work in future releases of the JDK. Please add Mockito as an agent to your build as described in Mockito's documentation: https://javadoc.io/doc/org.mockito/mockito-core/latest/org.mockito/org/mockito/Mockito.html#0.3
WARNING: A Java agent has been loaded dynamically (/Users/amishkakru/.m2/repository/net/bytebuddy/byte-buddy-agent/1.17.5/byte-buddy-agent-1.17.5.jar)
WARNING: If a serviceability tool is in use, please run with -XX:+EnableDynamicAgentLoading to hide this warning
WARNING: If a serviceability tool is not in use, please run with -Djdk.instrument.traceUsage for more information
WARNING: Dynamic loading of agents will be disallowed by default in a future release
]]></system-err>
  </testcase>
</testsuite>